<?xml version="1.0" encoding="UTF-8"?>
<coverage generated="1781059415456" clover="3.2.0">
  <project timestamp="1781059415456" name="All files">
    <metrics statements="357" coveredstatements="348" conditionals="388" coveredconditionals="350" methods="56" coveredmethods="56" elements="801" coveredelements="754" complexity="0" loc="357" ncloc="357" packages="1" files="5" classes="5"/>
    <file name="processCompiler.ts" path="/home/joaxap/repos/joaxclaw/src/lib/processCompiler.ts">
      <metrics statements="5" coveredstatements="5" conditionals="8" coveredconditionals="8" methods="5" coveredmethods="5"/>
      <line num="17" count="14" type="stmt"/>
      <line num="26" count="12" type="stmt"/>
      <line num="27" count="12" type="stmt"/>
      <line num="28" count="22" type="stmt"/>
      <line num="30" count="12" type="stmt"/>
    </file>
    <file name="processParser.ts" path="/home/joaxap/repos/joaxclaw/src/lib/processParser.ts">
      <metrics statements="117" coveredstatements="109" conditionals="178" coveredconditionals="147" methods="8" coveredmethods="8"/>
      <line num="92" count="39" type="stmt"/>
      <line num="93" count="39" type="cond" truecount="2" falsecount="0"/>
      <line num="94" count="35" type="stmt"/>
      <line num="101" count="35" type="stmt"/>
      <line num="102" count="35" type="stmt"/>
      <line num="103" count="35" type="stmt"/>
      <line num="107" count="35" type="stmt"/>
      <line num="108" count="137" type="cond" truecount="4" falsecount="0"/>
      <line num="110" count="135" type="stmt"/>
      <line num="111" count="135" type="stmt"/>
      <line num="114" count="135" type="cond" truecount="2" falsecount="0"/>
      <line num="116" count="135" type="stmt"/>
      <line num="117" count="135" type="stmt"/>
      <line num="120" count="135" type="cond" truecount="2" falsecount="0"/>
      <line num="121" count="2" type="stmt"/>
      <line num="122" count="2" type="cond" truecount="1" falsecount="1"/>
      <line num="123" count="0" type="stmt"/>
      <line num="124" count="2" type="cond" truecount="4" falsecount="0"/>
      <line num="125" count="1" type="stmt"/>
      <line num="126" count="1" type="cond" truecount="1" falsecount="1"/>
      <line num="127" count="1" type="stmt"/>
      <line num="128" count="1" type="stmt"/>
      <line num="129" count="1" type="stmt"/>
      <line num="131" count="2" type="stmt"/>
      <line num="135" count="133" type="cond" truecount="2" falsecount="0"/>
      <line num="136" count="1" type="stmt"/>
      <line num="137" count="1" type="cond" truecount="1" falsecount="1"/>
      <line num="138" count="0" type="stmt"/>
      <line num="139" count="1" type="cond" truecount="1" falsecount="1"/>
      <line num="140" count="1" type="stmt"/>
      <line num="141" count="1" type="cond" truecount="1" falsecount="1"/>
      <line num="142" count="1" type="stmt"/>
      <line num="144" count="1" type="stmt"/>
      <line num="145" count="1" type="stmt"/>
      <line num="149" count="132" type="stmt"/>
      <line num="150" count="132" type="cond" truecount="2" falsecount="0"/>
      <line num="151" count="131" type="stmt"/>
      <line num="152" count="131" type="stmt"/>
      <line num="154" count="131" type="cond" truecount="5" falsecount="0"/>
      <line num="156" count="5" type="stmt"/>
      <line num="157" count="5" type="stmt"/>
      <line num="158" count="5" type="stmt"/>
      <line num="160" count="126" type="stmt"/>
      <line num="164" count="35" type="stmt"/>
      <line num="168" count="146" type="cond" truecount="2" falsecount="0"/>
      <line num="169" count="145" type="cond" truecount="2" falsecount="0"/>
      <line num="170" count="144" type="cond" truecount="4" falsecount="0"/>
      <line num="171" count="141" type="cond" truecount="2" falsecount="0"/>
      <line num="172" count="117" type="cond" truecount="2" falsecount="0"/>
      <line num="173" count="114" type="cond" truecount="6" falsecount="0"/>
      <line num="174" count="4" type="stmt"/>
      <line num="177" count="110" type="cond" truecount="4" falsecount="0"/>
      <line num="178" count="18" type="stmt"/>
      <line num="180" count="101" type="stmt"/>
      <line num="186" count="39" type="stmt"/>
      <line num="187" count="39" type="stmt"/>
      <line num="188" count="39" type="cond" truecount="2" falsecount="0"/>
      <line num="190" count="35" type="stmt"/>
      <line num="192" count="35" type="stmt"/>
      <line num="193" count="35" type="stmt"/>
      <line num="194" count="35" type="cond" truecount="2" falsecount="0"/>
      <line num="195" count="1" type="stmt"/>
      <line num="196" count="2" type="cond" truecount="3" falsecount="1"/>
      <line num="197" count="0" type="stmt"/>
      <line num="198" count="0" type="stmt"/>
      <line num="208" count="35" type="cond" truecount="2" falsecount="0"/>
      <line num="209" count="39" type="stmt"/>
      <line num="210" count="39" type="cond" truecount="1" falsecount="1"/>
      <line num="211" count="0" type="stmt"/>
      <line num="212" count="0" type="cond" truecount="0" falsecount="4"/>
      <line num="213" count="0" type="stmt"/>
      <line num="214" count="0" type="stmt"/>
      <line num="223" count="35" type="cond" truecount="3" falsecount="1"/>
      <line num="228" count="39" type="stmt"/>
      <line num="229" count="39" type="cond" truecount="2" falsecount="0"/>
      <line num="230" count="13" type="stmt"/>
      <line num="232" count="35" type="cond" truecount="2" falsecount="0"/>
      <line num="234" count="23" type="stmt"/>
      <line num="235" count="23" type="cond" truecount="5" falsecount="0"/>
      <line num="236" count="1" type="stmt"/>
      <line num="237" count="1" type="stmt"/>
      <line num="238" count="1" type="cond" truecount="1" falsecount="1"/>
      <line num="239" count="1" type="stmt"/>
      <line num="240" count="2" type="cond" truecount="2" falsecount="0"/>
      <line num="241" count="2" type="stmt"/>
      <line num="250" count="1" type="cond" truecount="1" falsecount="1"/>
      <line num="251" count="1" type="stmt"/>
      <line num="252" count="1" type="stmt"/>
      <line num="259" count="1" type="cond" truecount="1" falsecount="1"/>
      <line num="264" count="35" type="stmt"/>
      <line num="266" count="35" type="stmt"/>
      <line num="290" count="1" type="stmt"/>
      <line num="297" count="49" type="cond" truecount="4" falsecount="0"/>
      <line num="298" count="47" type="stmt"/>
      <line num="302" count="14" type="stmt"/>
      <line num="303" count="14" type="stmt"/>
      <line num="304" count="14" type="stmt"/>
      <line num="305" count="14" type="cond" truecount="2" falsecount="0"/>
      <line num="306" count="14" type="cond" truecount="2" falsecount="0"/>
      <line num="307" count="14" type="cond" truecount="2" falsecount="0"/>
      <line num="308" count="14" type="cond" truecount="2" falsecount="0"/>
      <line num="309" count="14" type="cond" truecount="2" falsecount="0"/>
      <line num="310" count="14" type="cond" truecount="2" falsecount="0"/>
      <line num="311" count="14" type="cond" truecount="2" falsecount="0"/>
      <line num="312" count="14" type="cond" truecount="2" falsecount="0"/>
      <line num="313" count="14" type="cond" truecount="2" falsecount="0"/>
      <line num="314" count="14" type="cond" truecount="2" falsecount="0"/>
      <line num="315" count="14" type="stmt"/>
      <line num="320" count="14" type="cond" truecount="2" falsecount="0"/>
      <line num="321" count="12" type="stmt"/>
      <line num="322" count="12" type="stmt"/>
      <line num="323" count="12" type="stmt"/>
      <line num="324" count="12" type="stmt"/>
      <line num="327" count="14" type="cond" truecount="2" falsecount="0"/>
      <line num="328" count="14" type="stmt"/>
      <line num="334" count="3" type="stmt"/>
      <line num="351" count="3" type="stmt"/>
    </file>
    <file name="teamBlueprint.ts" path="/home/joaxap/repos/joaxclaw/src/lib/teamBlueprint.ts">
      <metrics statements="59" coveredstatements="59" conditionals="62" coveredconditionals="61" methods="15" coveredmethods="15"/>
      <line num="13" count="1" type="stmt"/>
      <line num="16" count="1" type="stmt"/>
      <line num="75" count="2" type="stmt"/>
      <line num="79" count="1" type="stmt"/>
      <line num="83" count="1" type="stmt"/>
      <line num="89" count="6" type="stmt"/>
      <line num="93" count="12" type="stmt"/>
      <line num="94" count="12" type="stmt"/>
      <line num="95" count="12" type="cond" truecount="4" falsecount="0"/>
      <line num="96" count="9" type="cond" truecount="4" falsecount="0"/>
      <line num="98" count="8" type="cond" truecount="2" falsecount="0"/>
      <line num="99" count="8" type="cond" truecount="2" falsecount="0"/>
      <line num="100" count="8" type="cond" truecount="2" falsecount="0"/>
      <line num="101" count="8" type="cond" truecount="2" falsecount="0"/>
      <line num="102" count="8" type="cond" truecount="2" falsecount="0"/>
      <line num="103" count="8" type="cond" truecount="2" falsecount="0"/>
      <line num="104" count="8" type="stmt"/>
      <line num="106" count="1" type="stmt"/>
      <line num="111" count="2" type="stmt"/>
      <line num="118" count="6" type="stmt"/>
      <line num="119" count="6" type="stmt"/>
      <line num="121" count="6" type="cond" truecount="4" falsecount="0"/>
      <line num="123" count="3" type="cond" truecount="4" falsecount="0"/>
      <line num="124" count="1" type="stmt"/>
      <line num="126" count="2" type="stmt"/>
      <line num="129" count="2" type="stmt"/>
      <line num="130" count="2" type="cond" truecount="2" falsecount="0"/>
      <line num="131" count="1" type="stmt"/>
      <line num="137" count="1" type="stmt"/>
      <line num="139" count="1" type="stmt"/>
      <line num="151" count="1" type="stmt"/>
      <line num="154" count="1" type="stmt"/>
      <line num="158" count="8" type="stmt"/>
      <line num="159" count="8" type="stmt"/>
      <line num="160" count="8" type="cond" truecount="1" falsecount="1"/>
      <line num="161" count="7" type="stmt"/>
      <line num="163" count="6" type="cond" truecount="4" falsecount="0"/>
      <line num="167" count="1" type="stmt"/>
      <line num="171" count="1" type="stmt"/>
      <line num="176" count="29" type="stmt"/>
      <line num="177" count="29" type="stmt"/>
      <line num="189" count="11" type="cond" truecount="5" falsecount="0"/>
      <line num="190" count="3" type="stmt"/>
      <line num="192" count="8" type="stmt"/>
      <line num="193" count="8" type="stmt"/>
      <line num="195" count="8" type="cond" truecount="4" falsecount="0"/>
      <line num="196" count="1" type="stmt"/>
      <line num="201" count="8" type="cond" truecount="5" falsecount="0"/>
      <line num="202" count="1" type="stmt"/>
      <line num="203" count="1" type="stmt"/>
      <line num="206" count="7" type="stmt"/>
      <line num="207" count="7" type="cond" truecount="4" falsecount="0"/>
      <line num="208" count="7" type="cond" truecount="4" falsecount="0"/>
      <line num="209" count="7" type="cond" truecount="2" falsecount="0"/>
      <line num="210" count="7" type="cond" truecount="2" falsecount="0"/>
      <line num="212" count="7" type="stmt"/>
      <line num="218" count="95" type="stmt"/>
      <line num="219" count="95" type="stmt"/>
      <line num="236" count="30" type="stmt"/>
    </file>
    <file name="teamCompiler.ts" path="/home/joaxap/repos/joaxclaw/src/lib/teamCompiler.ts">
      <metrics statements="122" coveredstatements="122" conditionals="89" coveredconditionals="84" methods="17" coveredmethods="17"/>
      <line num="22" count="1" type="stmt"/>
      <line num="27" count="52" type="cond" truecount="4" falsecount="0"/>
      <line num="28" count="26" type="stmt"/>
      <line num="30" count="26" type="stmt"/>
      <line num="36" count="26" type="stmt"/>
      <line num="38" count="26" type="stmt"/>
      <line num="39" count="26" type="stmt"/>
      <line num="40" count="26" type="stmt"/>
      <line num="41" count="26" type="stmt"/>
      <line num="42" count="26" type="stmt"/>
      <line num="43" count="164" type="stmt"/>
      <line num="45" count="26" type="stmt"/>
      <line num="46" count="26" type="stmt"/>
      <line num="47" count="26" type="stmt"/>
      <line num="49" count="26" type="stmt"/>
      <line num="50" count="71" type="stmt"/>
      <line num="52" count="71" type="cond" truecount="4" falsecount="0"/>
      <line num="53" count="22" type="stmt"/>
      <line num="54" count="22" type="stmt"/>
      <line num="59" count="22" type="stmt"/>
      <line num="60" count="22" type="stmt"/>
      <line num="61" count="22" type="stmt"/>
      <line num="64" count="71" type="stmt"/>
      <line num="65" count="71" type="stmt"/>
      <line num="70" count="71" type="stmt"/>
      <line num="71" count="71" type="stmt"/>
      <line num="72" count="71" type="stmt"/>
      <line num="74" count="71" type="cond" truecount="2" falsecount="0"/>
      <line num="75" count="45" type="stmt"/>
      <line num="76" count="45" type="stmt"/>
      <line num="77" count="45" type="stmt"/>
      <line num="82" count="45" type="stmt"/>
      <line num="83" count="45" type="stmt"/>
      <line num="84" count="45" type="stmt"/>
      <line num="88" count="26" type="stmt"/>
      <line num="89" count="26" type="stmt"/>
      <line num="91" count="26" type="stmt"/>
      <line num="92" count="71" type="stmt"/>
      <line num="94" count="26" type="stmt"/>
      <line num="115" count="26" type="stmt"/>
      <line num="116" count="26" type="stmt"/>
      <line num="119" count="26" type="stmt"/>
      <line num="120" count="26" type="stmt"/>
      <line num="122" count="26" type="stmt"/>
      <line num="123" count="26" type="stmt"/>
      <line num="124" count="68" type="cond" truecount="2" falsecount="0"/>
      <line num="127" count="26" type="stmt"/>
      <line num="128" count="26" type="stmt"/>
      <line num="129" count="26" type="stmt"/>
      <line num="130" count="26" type="stmt"/>
      <line num="131" count="26" type="stmt"/>
      <line num="132" count="161" type="cond" truecount="2" falsecount="0"/>
      <line num="136" count="26" type="stmt"/>
      <line num="137" count="26" type="stmt"/>
      <line num="139" count="26" type="stmt"/>
      <line num="140" count="68" type="stmt"/>
      <line num="141" count="68" type="stmt"/>
      <line num="143" count="68" type="cond" truecount="4" falsecount="0"/>
      <line num="144" count="12" type="stmt"/>
      <line num="149" count="12" type="stmt"/>
      <line num="152" count="68" type="stmt"/>
      <line num="157" count="68" type="stmt"/>
      <line num="159" count="68" type="cond" truecount="2" falsecount="0"/>
      <line num="161" count="25" type="stmt"/>
      <line num="163" count="36" type="cond" truecount="2" falsecount="0"/>
      <line num="164" count="36" type="cond" truecount="2" falsecount="0"/>
      <line num="167" count="36" type="stmt"/>
      <line num="170" count="25" type="stmt"/>
      <line num="175" count="25" type="stmt"/>
      <line num="176" count="43" type="cond" truecount="2" falsecount="0"/>
      <line num="177" count="20" type="stmt"/>
      <line num="178" count="20" type="stmt"/>
      <line num="183" count="20" type="stmt"/>
      <line num="187" count="68" type="stmt"/>
      <line num="194" count="68" type="stmt"/>
      <line num="196" count="68" type="stmt"/>
      <line num="197" count="68" type="stmt"/>
      <line num="198" count="68" type="stmt"/>
      <line num="200" count="68" type="cond" truecount="5" falsecount="0"/>
      <line num="201" count="12" type="stmt"/>
      <line num="202" count="12" type="stmt"/>
      <line num="205" count="68" type="cond" truecount="2" falsecount="0"/>
      <line num="206" count="68" type="stmt"/>
      <line num="208" count="68" type="cond" truecount="2" falsecount="0"/>
      <line num="209" count="25" type="stmt"/>
      <line num="211" count="25" type="stmt"/>
      <line num="212" count="36" type="cond" truecount="2" falsecount="0"/>
      <line num="213" count="9" type="cond" truecount="2" falsecount="0"/>
      <line num="215" count="27" type="stmt"/>
      <line num="216" count="27" type="cond" truecount="2" falsecount="0"/>
      <line num="217" count="25" type="cond" truecount="2" falsecount="0"/>
      <line num="223" count="25" type="cond" truecount="4" falsecount="0"/>
      <line num="224" count="1" type="stmt"/>
      <line num="229" count="25" type="stmt"/>
      <line num="230" count="43" type="cond" truecount="2" falsecount="0"/>
      <line num="231" count="20" type="stmt"/>
      <line num="232" count="20" type="stmt"/>
      <line num="237" count="68" type="cond" truecount="2" falsecount="0"/>
      <line num="239" count="26" type="stmt"/>
      <line num="240" count="68" type="stmt"/>
      <line num="242" count="26" type="stmt"/>
      <line num="268" count="52" type="stmt"/>
      <line num="269" count="139" type="stmt"/>
      <line num="270" count="52" type="cond" truecount="4" falsecount="0"/>
      <line num="271" count="26" type="stmt"/>
      <line num="272" count="26" type="stmt"/>
      <line num="273" count="26" type="stmt"/>
      <line num="274" count="26" type="stmt"/>
      <line num="275" count="37" type="cond" truecount="2" falsecount="0"/>
      <line num="276" count="37" type="cond" truecount="2" falsecount="0"/>
      <line num="277" count="37" type="stmt"/>
      <line num="281" count="52" type="cond" truecount="2" falsecount="0"/>
      <line num="282" count="52" type="stmt"/>
      <line num="293" count="3" type="cond" truecount="1" falsecount="1"/>
      <line num="294" count="19" type="stmt"/>
      <line num="295" count="4" type="stmt"/>
      <line num="297" count="3" type="stmt"/>
      <line num="298" count="7" type="cond" truecount="2" falsecount="0"/>
      <line num="299" count="7" type="stmt"/>
      <line num="300" count="21" type="stmt"/>
      <line num="301" count="21" type="cond" truecount="1" falsecount="1"/>
      <line num="302" count="7" type="stmt"/>
    </file>
    <file name="teamValidation.ts" path="/home/joaxap/repos/joaxclaw/src/lib/teamValidation.ts">
      <metrics statements="54" coveredstatements="53" conditionals="51" coveredconditionals="50" methods="11" coveredmethods="11"/>
      <line num="22" count="19" type="stmt"/>
      <line num="24" count="19" type="cond" truecount="2" falsecount="0"/>
      <line num="25" count="19" type="cond" truecount="2" falsecount="0"/>
      <line num="26" count="49" type="cond" truecount="2" falsecount="0"/>
      <line num="29" count="19" type="cond" truecount="4" falsecount="0"/>
      <line num="30" count="17" type="stmt"/>
      <line num="31" count="6" type="stmt"/>
      <line num="32" count="6" type="cond" truecount="2" falsecount="0"/>
      <line num="33" count="1" type="stmt"/>
      <line num="34" count="6" type="cond" truecount="2" falsecount="0"/>
      <line num="35" count="1" type="stmt"/>
      <line num="36" count="6" type="stmt"/>
      <line num="37" count="6" type="cond" truecount="4" falsecount="0"/>
      <line num="38" count="1" type="stmt"/>
      <line num="43" count="19" type="cond" truecount="2" falsecount="0"/>
      <line num="44" count="3" type="stmt"/>
      <line num="45" count="3" type="stmt"/>
      <line num="48" count="16" type="cond" truecount="2" falsecount="0"/>
      <line num="49" count="1" type="stmt"/>
      <line num="50" count="1" type="stmt"/>
      <line num="53" count="15" type="stmt"/>
      <line num="54" count="21" type="cond" truecount="2" falsecount="0"/>
      <line num="55" count="106" type="cond" truecount="2" falsecount="0"/>
      <line num="56" count="32" type="cond" truecount="2" falsecount="0"/>
      <line num="67" count="15" type="stmt"/>
      <line num="68" count="15" type="stmt"/>
      <line num="69" count="93" type="cond" truecount="2" falsecount="0"/>
      <line num="70" count="93" type="stmt"/>
      <line num="72" count="15" type="stmt"/>
      <line num="73" count="15" type="stmt"/>
      <line num="74" count="15" type="stmt"/>
      <line num="75" count="85" type="stmt"/>
      <line num="76" count="85" type="cond" truecount="2" falsecount="0"/>
      <line num="77" count="84" type="stmt"/>
      <line num="78" count="84" type="cond" truecount="2" falsecount="0"/>
      <line num="81" count="15" type="cond" truecount="2" falsecount="0"/>
      <line num="82" count="15" type="stmt"/>
      <line num="84" count="15" type="cond" truecount="2" falsecount="0"/>
      <line num="85" count="19" type="cond" truecount="2" falsecount="0"/>
      <line num="86" count="62" type="stmt"/>
      <line num="87" count="9" type="cond" truecount="2" falsecount="0"/>
      <line num="88" count="14" type="stmt"/>
      <line num="91" count="93" type="stmt"/>
      <line num="92" count="15" type="stmt"/>
      <line num="93" count="106" type="cond" truecount="3" falsecount="0"/>
      <line num="95" count="15" type="cond" truecount="2" falsecount="0"/>
      <line num="96" count="4" type="stmt"/>
      <line num="100" count="15" type="cond" truecount="2" falsecount="0"/>
      <line num="101" count="6" type="stmt"/>
      <line num="102" count="6" type="stmt"/>
      <line num="103" count="6" type="stmt"/>
      <line num="104" count="6" type="cond" truecount="1" falsecount="1"/>
      <line num="106" count="0" type="stmt"/>
      <line num="110" count="15" type="stmt"/>
    </file>
  </project>
</coverage>
