{"/home/joaxap/repos/joaxclaw/src/lib/processCompiler.ts": {"path":"/home/joaxap/repos/joaxclaw/src/lib/processCompiler.ts","statementMap":{"0":{"start":{"line":17,"column":2},"end":{"line":22,"column":null}},"1":{"start":{"line":26,"column":20},"end":{"line":26,"column":null}},"2":{"start":{"line":26,"column":40},"end":{"line":26,"column":58}},"3":{"start":{"line":27,"column":20},"end":{"line":27,"column":null}},"4":{"start":{"line":27,"column":40},"end":{"line":27,"column":64}},"5":{"start":{"line":28,"column":20},"end":{"line":28,"column":null}},"6":{"start":{"line":28,"column":40},"end":{"line":28,"column":62}},"7":{"start":{"line":30,"column":2},"end":{"line":45,"column":null}}},"fnMap":{"0":{"name":"compileProcessToJob","decl":{"start":{"line":16,"column":16},"end":{"line":16,"column":36}},"loc":{"start":{"line":16,"column":68},"end":{"line":23,"column":null}},"line":16},"1":{"name":"buildLaunchPrompt","decl":{"start":{"line":25,"column":16},"end":{"line":25,"column":34}},"loc":{"start":{"line":25,"column":79},"end":{"line":47,"column":null}},"line":25},"2":{"name":"(anonymous_2)","decl":{"start":{"line":26,"column":35},"end":{"line":26,"column":40}},"loc":{"start":{"line":26,"column":40},"end":{"line":26,"column":58}},"line":26},"3":{"name":"(anonymous_3)","decl":{"start":{"line":27,"column":35},"end":{"line":27,"column":40}},"loc":{"start":{"line":27,"column":40},"end":{"line":27,"column":64}},"line":27},"4":{"name":"(anonymous_4)","decl":{"start":{"line":28,"column":35},"end":{"line":28,"column":40}},"loc":{"start":{"line":28,"column":40},"end":{"line":28,"column":62}},"line":28}},"branchMap":{"0":{"loc":{"start":{"line":20,"column":11},"end":{"line":20,"column":null}},"type":"binary-expr","locations":[{"start":{"line":20,"column":11},"end":{"line":20,"column":31}},{"start":{"line":20,"column":31},"end":{"line":20,"column":null}}],"line":20},"1":{"loc":{"start":{"line":21,"column":11},"end":{"line":21,"column":null}},"type":"binary-expr","locations":[{"start":{"line":21,"column":11},"end":{"line":21,"column":31}},{"start":{"line":21,"column":31},"end":{"line":21,"column":null}}],"line":21},"2":{"loc":{"start":{"line":44,"column":2},"end":{"line":44,"column":105}},"type":"cond-expr","locations":[{"start":{"line":44,"column":23},"end":{"line":44,"column":103}},{"start":{"line":44,"column":103},"end":{"line":44,"column":105}}],"line":44},"3":{"loc":{"start":{"line":45,"column":19},"end":{"line":45,"column":54}},"type":"binary-expr","locations":[{"start":{"line":45,"column":19},"end":{"line":45,"column":36}},{"start":{"line":45,"column":36},"end":{"line":45,"column":54}}],"line":45}},"s":{"0":14,"1":12,"2":11,"3":12,"4":11,"5":12,"6":22,"7":12},"f":{"0":14,"1":12,"2":11,"3":11,"4":22},"b":{"0":[14,1],"1":[14,1],"2":[7,5],"3":[12,1]},"meta":{"lastBranch":4,"lastFunction":5,"lastStatement":8,"seen":{"f:16:16:16:36":0,"s:17:2:22:Infinity":0,"b:20:11:20:31:20:31:20:Infinity":0,"b:21:11:21:31:21:31:21:Infinity":1,"f:25:16:25:34":1,"s:26:20:26:Infinity":1,"f:26:35:26:40":2,"s:26:40:26:58":2,"s:27:20:27:Infinity":3,"f:27:35:27:40":3,"s:27:40:27:64":4,"s:28:20:28:Infinity":5,"f:28:35:28:40":4,"s:28:40:28:62":6,"s:30:2:45:Infinity":7,"b:44:23:44:103:44:103:44:105":2,"b:45:19:45:36:45:36:45:54":3}}}
,"/home/joaxap/repos/joaxclaw/src/lib/processParser.ts": {"path":"/home/joaxap/repos/joaxclaw/src/lib/processParser.ts","statementMap":{"0":{"start":{"line":92,"column":16},"end":{"line":92,"column":null}},"1":{"start":{"line":93,"column":2},"end":{"line":93,"column":null}},"2":{"start":{"line":93,"column":14},"end":{"line":93,"column":null}},"3":{"start":{"line":94,"column":2},"end":{"line":94,"column":null}},"4":{"start":{"line":101,"column":16},"end":{"line":101,"column":null}},"5":{"start":{"line":102,"column":40},"end":{"line":102,"column":null}},"6":{"start":{"line":103,"column":99},"end":{"line":105,"column":null}},"7":{"start":{"line":107,"column":2},"end":{"line":162,"column":null}},"8":{"start":{"line":108,"column":4},"end":{"line":108,"column":null}},"9":{"start":{"line":108,"column":53},"end":{"line":108,"column":null}},"10":{"start":{"line":110,"column":19},"end":{"line":110,"column":null}},"11":{"start":{"line":111,"column":20},"end":{"line":111,"column":null}},"12":{"start":{"line":114,"column":4},"end":{"line":114,"column":null}},"13":{"start":{"line":114,"column":73},"end":{"line":114,"column":null}},"14":{"start":{"line":116,"column":16},"end":{"line":116,"column":null}},"15":{"start":{"line":117,"column":19},"end":{"line":117,"column":null}},"16":{"start":{"line":120,"column":4},"end":{"line":132,"column":null}},"17":{"start":{"line":121,"column":18},"end":{"line":121,"column":null}},"18":{"start":{"line":122,"column":6},"end":{"line":130,"column":null}},"19":{"start":{"line":123,"column":8},"end":{"line":123,"column":null}},"20":{"start":{"line":124,"column":6},"end":{"line":130,"column":null}},"21":{"start":{"line":125,"column":10},"end":{"line":125,"column":null}},"22":{"start":{"line":126,"column":6},"end":{"line":130,"column":null}},"23":{"start":{"line":127,"column":31},"end":{"line":127,"column":null}},"24":{"start":{"line":128,"column":10},"end":{"line":128,"column":null}},"25":{"start":{"line":129,"column":8},"end":{"line":129,"column":null}},"26":{"start":{"line":131,"column":6},"end":{"line":131,"column":null}},"27":{"start":{"line":135,"column":4},"end":{"line":146,"column":null}},"28":{"start":{"line":136,"column":45},"end":{"line":136,"column":null}},"29":{"start":{"line":137,"column":6},"end":{"line":143,"column":null}},"30":{"start":{"line":138,"column":8},"end":{"line":138,"column":null}},"31":{"start":{"line":139,"column":6},"end":{"line":143,"column":null}},"32":{"start":{"line":140,"column":26},"end":{"line":140,"column":null}},"33":{"start":{"line":141,"column":8},"end":{"line":142,"column":null}},"34":{"start":{"line":141,"column":37},"end":{"line":141,"column":null}},"35":{"start":{"line":142,"column":14},"end":{"line":142,"column":null}},"36":{"start":{"line":144,"column":6},"end":{"line":144,"column":null}},"37":{"start":{"line":145,"column":6},"end":{"line":145,"column":null}},"38":{"start":{"line":149,"column":21},"end":{"line":149,"column":null}},"39":{"start":{"line":150,"column":4},"end":{"line":150,"column":null}},"40":{"start":{"line":150,"column":22},"end":{"line":150,"column":null}},"41":{"start":{"line":151,"column":16},"end":{"line":151,"column":null}},"42":{"start":{"line":152,"column":17},"end":{"line":152,"column":null}},"43":{"start":{"line":154,"column":4},"end":{"line":161,"column":null}},"44":{"start":{"line":156,"column":45},"end":{"line":156,"column":null}},"45":{"start":{"line":157,"column":8},"end":{"line":157,"column":null}},"46":{"start":{"line":158,"column":6},"end":{"line":158,"column":null}},"47":{"start":{"line":160,"column":8},"end":{"line":160,"column":null}},"48":{"start":{"line":164,"column":2},"end":{"line":164,"column":null}},"49":{"start":{"line":168,"column":2},"end":{"line":168,"column":null}},"50":{"start":{"line":168,"column":20},"end":{"line":168,"column":null}},"51":{"start":{"line":169,"column":2},"end":{"line":169,"column":null}},"52":{"start":{"line":169,"column":21},"end":{"line":169,"column":null}},"53":{"start":{"line":170,"column":2},"end":{"line":170,"column":null}},"54":{"start":{"line":170,"column":33},"end":{"line":170,"column":null}},"55":{"start":{"line":171,"column":2},"end":{"line":171,"column":null}},"56":{"start":{"line":171,"column":25},"end":{"line":171,"column":null}},"57":{"start":{"line":172,"column":2},"end":{"line":172,"column":null}},"58":{"start":{"line":172,"column":30},"end":{"line":172,"column":null}},"59":{"start":{"line":173,"column":2},"end":{"line":175,"column":null}},"60":{"start":{"line":174,"column":4},"end":{"line":174,"column":null}},"61":{"start":{"line":177,"column":2},"end":{"line":179,"column":null}},"62":{"start":{"line":178,"column":4},"end":{"line":178,"column":null}},"63":{"start":{"line":178,"column":46},"end":{"line":178,"column":67}},"64":{"start":{"line":180,"column":2},"end":{"line":180,"column":null}},"65":{"start":{"line":186,"column":2},"end":{"line":291,"column":null}},"66":{"start":{"line":187,"column":27},"end":{"line":187,"column":null}},"67":{"start":{"line":188,"column":4},"end":{"line":188,"column":null}},"68":{"start":{"line":188,"column":15},"end":{"line":188,"column":null}},"69":{"start":{"line":190,"column":15},"end":{"line":190,"column":null}},"70":{"start":{"line":192,"column":35},"end":{"line":192,"column":null}},"71":{"start":{"line":193,"column":22},"end":{"line":193,"column":null}},"72":{"start":{"line":194,"column":4},"end":{"line":206,"column":null}},"73":{"start":{"line":195,"column":6},"end":{"line":205,"column":null}},"74":{"start":{"line":196,"column":8},"end":{"line":204,"column":null}},"75":{"start":{"line":197,"column":24},"end":{"line":197,"column":null}},"76":{"start":{"line":198,"column":10},"end":{"line":203,"column":null}},"77":{"start":{"line":208,"column":19},"end":{"line":208,"column":null}},"78":{"start":{"line":209,"column":45},"end":{"line":209,"column":null}},"79":{"start":{"line":210,"column":4},"end":{"line":221,"column":null}},"80":{"start":{"line":211,"column":6},"end":{"line":220,"column":null}},"81":{"start":{"line":212,"column":8},"end":{"line":219,"column":null}},"82":{"start":{"line":213,"column":21},"end":{"line":213,"column":null}},"83":{"start":{"line":214,"column":10},"end":{"line":218,"column":null}},"84":{"start":{"line":223,"column":15},"end":{"line":223,"column":null}},"85":{"start":{"line":228,"column":30},"end":{"line":228,"column":null}},"86":{"start":{"line":229,"column":4},"end":{"line":231,"column":null}},"87":{"start":{"line":230,"column":6},"end":{"line":230,"column":null}},"88":{"start":{"line":230,"column":12},"end":{"line":230,"column":69}},"89":{"start":{"line":232,"column":4},"end":{"line":261,"column":null}},"90":{"start":{"line":234,"column":23},"end":{"line":234,"column":null}},"91":{"start":{"line":235,"column":6},"end":{"line":260,"column":null}},"92":{"start":{"line":236,"column":36},"end":{"line":236,"column":null}},"93":{"start":{"line":237,"column":36},"end":{"line":237,"column":null}},"94":{"start":{"line":238,"column":8},"end":{"line":249,"column":null}},"95":{"start":{"line":239,"column":10},"end":{"line":248,"column":null}},"96":{"start":{"line":240,"column":25},"end":{"line":240,"column":null}},"97":{"start":{"line":241,"column":12},"end":{"line":247,"column":null}},"98":{"start":{"line":250,"column":8},"end":{"line":258,"column":null}},"99":{"start":{"line":251,"column":10},"end":{"line":257,"column":null}},"100":{"start":{"line":252,"column":12},"end":{"line":256,"column":null}},"101":{"start":{"line":259,"column":8},"end":{"line":259,"column":null}},"102":{"start":{"line":259,"column":27},"end":{"line":259,"column":null}},"103":{"start":{"line":264,"column":22},"end":{"line":264,"column":null}},"104":{"start":{"line":266,"column":4},"end":{"line":288,"column":null}},"105":{"start":{"line":290,"column":4},"end":{"line":290,"column":null}},"106":{"start":{"line":297,"column":2},"end":{"line":297,"column":null}},"107":{"start":{"line":297,"column":60},"end":{"line":297,"column":null}},"108":{"start":{"line":298,"column":2},"end":{"line":298,"column":null}},"109":{"start":{"line":302,"column":26},"end":{"line":302,"column":null}},"110":{"start":{"line":303,"column":2},"end":{"line":303,"column":null}},"111":{"start":{"line":304,"column":2},"end":{"line":304,"column":null}},"112":{"start":{"line":305,"column":2},"end":{"line":305,"column":null}},"113":{"start":{"line":305,"column":23},"end":{"line":305,"column":null}},"114":{"start":{"line":306,"column":2},"end":{"line":306,"column":null}},"115":{"start":{"line":307,"column":2},"end":{"line":307,"column":null}},"116":{"start":{"line":307,"column":19},"end":{"line":307,"column":null}},"117":{"start":{"line":308,"column":2},"end":{"line":308,"column":null}},"118":{"start":{"line":308,"column":24},"end":{"line":308,"column":null}},"119":{"start":{"line":309,"column":2},"end":{"line":309,"column":null}},"120":{"start":{"line":309,"column":28},"end":{"line":309,"column":null}},"121":{"start":{"line":310,"column":2},"end":{"line":310,"column":null}},"122":{"start":{"line":310,"column":27},"end":{"line":310,"column":null}},"123":{"start":{"line":311,"column":2},"end":{"line":311,"column":null}},"124":{"start":{"line":311,"column":25},"end":{"line":311,"column":null}},"125":{"start":{"line":312,"column":2},"end":{"line":312,"column":null}},"126":{"start":{"line":312,"column":29},"end":{"line":312,"column":null}},"127":{"start":{"line":313,"column":2},"end":{"line":313,"column":null}},"128":{"start":{"line":313,"column":27},"end":{"line":313,"column":null}},"129":{"start":{"line":314,"column":2},"end":{"line":314,"column":null}},"130":{"start":{"line":314,"column":26},"end":{"line":314,"column":null}},"131":{"start":{"line":315,"column":2},"end":{"line":315,"column":null}},"132":{"start":{"line":320,"column":2},"end":{"line":325,"column":null}},"133":{"start":{"line":321,"column":4},"end":{"line":321,"column":null}},"134":{"start":{"line":322,"column":4},"end":{"line":322,"column":null}},"135":{"start":{"line":323,"column":4},"end":{"line":323,"column":null}},"136":{"start":{"line":324,"column":4},"end":{"line":324,"column":null}},"137":{"start":{"line":327,"column":2},"end":{"line":327,"column":null}},"138":{"start":{"line":327,"column":16},"end":{"line":327,"column":null}},"139":{"start":{"line":328,"column":2},"end":{"line":328,"column":null}},"140":{"start":{"line":334,"column":30},"end":{"line":350,"column":null}},"141":{"start":{"line":351,"column":2},"end":{"line":365,"column":null}}},"fnMap":{"0":{"name":"extractFrontmatter","decl":{"start":{"line":91,"column":9},"end":{"line":91,"column":28}},"loc":{"start":{"line":91,"column":74},"end":{"line":95,"column":null}},"line":91},"1":{"name":"parseYaml","decl":{"start":{"line":100,"column":9},"end":{"line":100,"column":19}},"loc":{"start":{"line":100,"column":58},"end":{"line":165,"column":null}},"line":100},"2":{"name":"parseScalar","decl":{"start":{"line":167,"column":9},"end":{"line":167,"column":21}},"loc":{"start":{"line":167,"column":41},"end":{"line":181,"column":null}},"line":167},"3":{"name":"(anonymous_3)","decl":{"start":{"line":178,"column":41},"end":{"line":178,"column":46}},"loc":{"start":{"line":178,"column":46},"end":{"line":178,"column":67}},"line":178},"4":{"name":"parseProcessFile","decl":{"start":{"line":185,"column":16},"end":{"line":185,"column":33}},"loc":{"start":{"line":185,"column":80},"end":{"line":292,"column":null}},"line":185},"5":{"name":"yamlStr","decl":{"start":{"line":296,"column":9},"end":{"line":296,"column":17}},"loc":{"start":{"line":296,"column":36},"end":{"line":299,"column":null}},"line":296},"6":{"name":"serializeProcess","decl":{"start":{"line":301,"column":16},"end":{"line":301,"column":33}},"loc":{"start":{"line":301,"column":58},"end":{"line":329,"column":null}},"line":301},"7":{"name":"processTemplate","decl":{"start":{"line":333,"column":16},"end":{"line":333,"column":32}},"loc":{"start":{"line":333,"column":66},"end":{"line":376,"column":null}},"line":333}},"branchMap":{"0":{"loc":{"start":{"line":93,"column":2},"end":{"line":93,"column":null}},"type":"if","locations":[{"start":{"line":93,"column":2},"end":{"line":93,"column":null}},{"start":{},"end":{}}],"line":93},"1":{"loc":{"start":{"line":108,"column":4},"end":{"line":108,"column":null}},"type":"if","locations":[{"start":{"line":108,"column":4},"end":{"line":108,"column":null}},{"start":{},"end":{}}],"line":108},"2":{"loc":{"start":{"line":108,"column":8},"end":{"line":108,"column":53}},"type":"binary-expr","locations":[{"start":{"line":108,"column":8},"end":{"line":108,"column":24}},{"start":{"line":108,"column":24},"end":{"line":108,"column":53}}],"line":108},"3":{"loc":{"start":{"line":114,"column":11},"end":{"line":114,"column":73}},"type":"binary-expr","locations":[{"start":{"line":114,"column":11},"end":{"line":114,"column":31}},{"start":{"line":114,"column":31},"end":{"line":114,"column":73}}],"line":114},"4":{"loc":{"start":{"line":120,"column":4},"end":{"line":132,"column":null}},"type":"if","locations":[{"start":{"line":120,"column":4},"end":{"line":132,"column":null}},{"start":{},"end":{}}],"line":120},"5":{"loc":{"start":{"line":122,"column":6},"end":{"line":130,"column":null}},"type":"if","locations":[{"start":{"line":122,"column":6},"end":{"line":130,"column":null}},{"start":{"line":124,"column":6},"end":{"line":130,"column":null}}],"line":122},"6":{"loc":{"start":{"line":124,"column":6},"end":{"line":130,"column":null}},"type":"if","locations":[{"start":{"line":124,"column":6},"end":{"line":130,"column":null}},{"start":{"line":126,"column":6},"end":{"line":130,"column":null}}],"line":124},"7":{"loc":{"start":{"line":124,"column":17},"end":{"line":124,"column":89}},"type":"binary-expr","locations":[{"start":{"line":124,"column":17},"end":{"line":124,"column":28}},{"start":{"line":124,"column":28},"end":{"line":124,"column":89}}],"line":124},"8":{"loc":{"start":{"line":126,"column":6},"end":{"line":130,"column":null}},"type":"if","locations":[{"start":{"line":126,"column":6},"end":{"line":130,"column":null}},{"start":{},"end":{}}],"line":126},"9":{"loc":{"start":{"line":135,"column":4},"end":{"line":146,"column":null}},"type":"if","locations":[{"start":{"line":135,"column":4},"end":{"line":146,"column":null}},{"start":{},"end":{}}],"line":135},"10":{"loc":{"start":{"line":137,"column":6},"end":{"line":143,"column":null}},"type":"if","locations":[{"start":{"line":137,"column":6},"end":{"line":143,"column":null}},{"start":{"line":139,"column":6},"end":{"line":143,"column":null}}],"line":137},"11":{"loc":{"start":{"line":139,"column":6},"end":{"line":143,"column":null}},"type":"if","locations":[{"start":{"line":139,"column":6},"end":{"line":143,"column":null}},{"start":{},"end":{}}],"line":139},"12":{"loc":{"start":{"line":141,"column":8},"end":{"line":142,"column":null}},"type":"if","locations":[{"start":{"line":141,"column":8},"end":{"line":142,"column":null}},{"start":{"line":142,"column":14},"end":{"line":142,"column":null}}],"line":141},"13":{"loc":{"start":{"line":150,"column":4},"end":{"line":150,"column":null}},"type":"if","locations":[{"start":{"line":150,"column":4},"end":{"line":150,"column":null}},{"start":{},"end":{}}],"line":150},"14":{"loc":{"start":{"line":154,"column":4},"end":{"line":161,"column":null}},"type":"if","locations":[{"start":{"line":154,"column":4},"end":{"line":161,"column":null}},{"start":{"line":159,"column":11},"end":{"line":161,"column":null}}],"line":154},"15":{"loc":{"start":{"line":154,"column":8},"end":{"line":154,"column":53}},"type":"binary-expr","locations":[{"start":{"line":154,"column":8},"end":{"line":154,"column":23}},{"start":{"line":154,"column":23},"end":{"line":154,"column":39}},{"start":{"line":154,"column":39},"end":{"line":154,"column":53}}],"line":154},"16":{"loc":{"start":{"line":168,"column":2},"end":{"line":168,"column":null}},"type":"if","locations":[{"start":{"line":168,"column":2},"end":{"line":168,"column":null}},{"start":{},"end":{}}],"line":168},"17":{"loc":{"start":{"line":169,"column":2},"end":{"line":169,"column":null}},"type":"if","locations":[{"start":{"line":169,"column":2},"end":{"line":169,"column":null}},{"start":{},"end":{}}],"line":169},"18":{"loc":{"start":{"line":170,"column":2},"end":{"line":170,"column":null}},"type":"if","locations":[{"start":{"line":170,"column":2},"end":{"line":170,"column":null}},{"start":{},"end":{}}],"line":170},"19":{"loc":{"start":{"line":170,"column":6},"end":{"line":170,"column":33}},"type":"binary-expr","locations":[{"start":{"line":170,"column":6},"end":{"line":170,"column":22}},{"start":{"line":170,"column":22},"end":{"line":170,"column":33}}],"line":170},"20":{"loc":{"start":{"line":171,"column":2},"end":{"line":171,"column":null}},"type":"if","locations":[{"start":{"line":171,"column":2},"end":{"line":171,"column":null}},{"start":{},"end":{}}],"line":171},"21":{"loc":{"start":{"line":172,"column":2},"end":{"line":172,"column":null}},"type":"if","locations":[{"start":{"line":172,"column":2},"end":{"line":172,"column":null}},{"start":{},"end":{}}],"line":172},"22":{"loc":{"start":{"line":173,"column":2},"end":{"line":175,"column":null}},"type":"if","locations":[{"start":{"line":173,"column":2},"end":{"line":175,"column":null}},{"start":{},"end":{}}],"line":173},"23":{"loc":{"start":{"line":173,"column":7},"end":{"line":173,"column":88}},"type":"binary-expr","locations":[{"start":{"line":173,"column":7},"end":{"line":173,"column":28}},{"start":{"line":173,"column":28},"end":{"line":173,"column":49}},{"start":{"line":173,"column":49},"end":{"line":173,"column":70}},{"start":{"line":173,"column":70},"end":{"line":173,"column":88}}],"line":173},"24":{"loc":{"start":{"line":177,"column":2},"end":{"line":179,"column":null}},"type":"if","locations":[{"start":{"line":177,"column":2},"end":{"line":179,"column":null}},{"start":{},"end":{}}],"line":177},"25":{"loc":{"start":{"line":177,"column":6},"end":{"line":177,"column":44}},"type":"binary-expr","locations":[{"start":{"line":177,"column":6},"end":{"line":177,"column":27}},{"start":{"line":177,"column":27},"end":{"line":177,"column":44}}],"line":177},"26":{"loc":{"start":{"line":188,"column":4},"end":{"line":188,"column":null}},"type":"if","locations":[{"start":{"line":188,"column":4},"end":{"line":188,"column":null}},{"start":{},"end":{}}],"line":188},"27":{"loc":{"start":{"line":194,"column":4},"end":{"line":206,"column":null}},"type":"if","locations":[{"start":{"line":194,"column":4},"end":{"line":206,"column":null}},{"start":{},"end":{}}],"line":194},"28":{"loc":{"start":{"line":196,"column":8},"end":{"line":204,"column":null}},"type":"if","locations":[{"start":{"line":196,"column":8},"end":{"line":204,"column":null}},{"start":{},"end":{}}],"line":196},"29":{"loc":{"start":{"line":196,"column":12},"end":{"line":196,"column":40}},"type":"binary-expr","locations":[{"start":{"line":196,"column":12},"end":{"line":196,"column":17}},{"start":{"line":196,"column":17},"end":{"line":196,"column":40}}],"line":196},"30":{"loc":{"start":{"line":199,"column":23},"end":{"line":199,"column":37}},"type":"binary-expr","locations":[{"start":{"line":199,"column":23},"end":{"line":199,"column":35}},{"start":{"line":199,"column":35},"end":{"line":199,"column":37}}],"line":199},"31":{"loc":{"start":{"line":200,"column":18},"end":{"line":200,"column":null}},"type":"cond-expr","locations":[{"start":{"line":200,"column":31},"end":{"line":200,"column":52}},{"start":{"line":200,"column":52},"end":{"line":200,"column":null}}],"line":200},"32":{"loc":{"start":{"line":201,"column":19},"end":{"line":201,"column":null}},"type":"cond-expr","locations":[{"start":{"line":201,"column":33},"end":{"line":201,"column":55}},{"start":{"line":201,"column":55},"end":{"line":201,"column":null}}],"line":201},"33":{"loc":{"start":{"line":202,"column":26},"end":{"line":202,"column":null}},"type":"cond-expr","locations":[{"start":{"line":202,"column":47},"end":{"line":202,"column":76}},{"start":{"line":202,"column":76},"end":{"line":202,"column":null}}],"line":202},"34":{"loc":{"start":{"line":208,"column":19},"end":{"line":208,"column":null}},"type":"binary-expr","locations":[{"start":{"line":208,"column":19},"end":{"line":208,"column":34}},{"start":{"line":208,"column":34},"end":{"line":208,"column":null}}],"line":208},"35":{"loc":{"start":{"line":210,"column":4},"end":{"line":221,"column":null}},"type":"if","locations":[{"start":{"line":210,"column":4},"end":{"line":221,"column":null}},{"start":{},"end":{}}],"line":210},"36":{"loc":{"start":{"line":212,"column":8},"end":{"line":219,"column":null}},"type":"if","locations":[{"start":{"line":212,"column":8},"end":{"line":219,"column":null}},{"start":{},"end":{}}],"line":212},"37":{"loc":{"start":{"line":212,"column":12},"end":{"line":212,"column":40}},"type":"binary-expr","locations":[{"start":{"line":212,"column":12},"end":{"line":212,"column":17}},{"start":{"line":212,"column":17},"end":{"line":212,"column":40}}],"line":212},"38":{"loc":{"start":{"line":215,"column":25},"end":{"line":215,"column":38}},"type":"binary-expr","locations":[{"start":{"line":215,"column":25},"end":{"line":215,"column":36}},{"start":{"line":215,"column":36},"end":{"line":215,"column":38}}],"line":215},"39":{"loc":{"start":{"line":216,"column":23},"end":{"line":216,"column":34}},"type":"binary-expr","locations":[{"start":{"line":216,"column":23},"end":{"line":216,"column":32}},{"start":{"line":216,"column":32},"end":{"line":216,"column":34}}],"line":216},"40":{"loc":{"start":{"line":217,"column":23},"end":{"line":217,"column":null}},"type":"cond-expr","locations":[{"start":{"line":217,"column":38},"end":{"line":217,"column":61}},{"start":{"line":217,"column":61},"end":{"line":217,"column":null}}],"line":217},"41":{"loc":{"start":{"line":223,"column":15},"end":{"line":223,"column":null}},"type":"cond-expr","locations":[{"start":{"line":223,"column":23},"end":{"line":223,"column":39}},{"start":{"line":223,"column":39},"end":{"line":223,"column":null}}],"line":223},"42":{"loc":{"start":{"line":223,"column":39},"end":{"line":223,"column":null}},"type":"binary-expr","locations":[{"start":{"line":223,"column":39},"end":{"line":223,"column":87}},{"start":{"line":223,"column":87},"end":{"line":223,"column":null}}],"line":223},"43":{"loc":{"start":{"line":229,"column":4},"end":{"line":231,"column":null}},"type":"if","locations":[{"start":{"line":229,"column":4},"end":{"line":231,"column":null}},{"start":{},"end":{}}],"line":229},"44":{"loc":{"start":{"line":232,"column":4},"end":{"line":261,"column":null}},"type":"if","locations":[{"start":{"line":232,"column":4},"end":{"line":261,"column":null}},{"start":{},"end":{}}],"line":232},"45":{"loc":{"start":{"line":235,"column":6},"end":{"line":260,"column":null}},"type":"if","locations":[{"start":{"line":235,"column":6},"end":{"line":260,"column":null}},{"start":{},"end":{}}],"line":235},"46":{"loc":{"start":{"line":235,"column":10},"end":{"line":235,"column":80}},"type":"binary-expr","locations":[{"start":{"line":235,"column":10},"end":{"line":235,"column":22}},{"start":{"line":235,"column":22},"end":{"line":235,"column":54}},{"start":{"line":235,"column":54},"end":{"line":235,"column":80}}],"line":235},"47":{"loc":{"start":{"line":238,"column":8},"end":{"line":249,"column":null}},"type":"if","locations":[{"start":{"line":238,"column":8},"end":{"line":249,"column":null}},{"start":{},"end":{}}],"line":238},"48":{"loc":{"start":{"line":240,"column":25},"end":{"line":240,"column":null}},"type":"binary-expr","locations":[{"start":{"line":240,"column":25},"end":{"line":240,"column":39}},{"start":{"line":240,"column":39},"end":{"line":240,"column":null}}],"line":240},"49":{"loc":{"start":{"line":242,"column":25},"end":{"line":242,"column":35}},"type":"binary-expr","locations":[{"start":{"line":242,"column":25},"end":{"line":242,"column":33}},{"start":{"line":242,"column":33},"end":{"line":242,"column":35}}],"line":242},"50":{"loc":{"start":{"line":243,"column":21},"end":{"line":243,"column":null}},"type":"binary-expr","locations":[{"start":{"line":243,"column":21},"end":{"line":243,"column":53}},{"start":{"line":243,"column":53},"end":{"line":243,"column":null}}],"line":243},"51":{"loc":{"start":{"line":244,"column":36},"end":{"line":244,"column":46}},"type":"binary-expr","locations":[{"start":{"line":244,"column":36},"end":{"line":244,"column":45}},{"start":{"line":244,"column":45},"end":{"line":244,"column":46}}],"line":244},"52":{"loc":{"start":{"line":244,"column":59},"end":{"line":244,"column":69}},"type":"binary-expr","locations":[{"start":{"line":244,"column":59},"end":{"line":244,"column":68}},{"start":{"line":244,"column":68},"end":{"line":244,"column":69}}],"line":244},"53":{"loc":{"start":{"line":245,"column":23},"end":{"line":245,"column":null}},"type":"cond-expr","locations":[{"start":{"line":245,"column":35},"end":{"line":245,"column":55}},{"start":{"line":245,"column":55},"end":{"line":245,"column":null}}],"line":245},"54":{"loc":{"start":{"line":246,"column":20},"end":{"line":246,"column":null}},"type":"cond-expr","locations":[{"start":{"line":246,"column":29},"end":{"line":246,"column":46}},{"start":{"line":246,"column":46},"end":{"line":246,"column":null}}],"line":246},"55":{"loc":{"start":{"line":250,"column":8},"end":{"line":258,"column":null}},"type":"if","locations":[{"start":{"line":250,"column":8},"end":{"line":258,"column":null}},{"start":{},"end":{}}],"line":250},"56":{"loc":{"start":{"line":253,"column":25},"end":{"line":253,"column":68}},"type":"binary-expr","locations":[{"start":{"line":253,"column":25},"end":{"line":253,"column":33}},{"start":{"line":253,"column":33},"end":{"line":253,"column":68}}],"line":253},"57":{"loc":{"start":{"line":254,"column":27},"end":{"line":254,"column":39}},"type":"binary-expr","locations":[{"start":{"line":254,"column":27},"end":{"line":254,"column":37}},{"start":{"line":254,"column":37},"end":{"line":254,"column":39}}],"line":254},"58":{"loc":{"start":{"line":255,"column":25},"end":{"line":255,"column":35}},"type":"binary-expr","locations":[{"start":{"line":255,"column":25},"end":{"line":255,"column":33}},{"start":{"line":255,"column":33},"end":{"line":255,"column":35}}],"line":255},"59":{"loc":{"start":{"line":259,"column":8},"end":{"line":259,"column":null}},"type":"if","locations":[{"start":{"line":259,"column":8},"end":{"line":259,"column":null}},{"start":{},"end":{}}],"line":259},"60":{"loc":{"start":{"line":268,"column":12},"end":{"line":268,"column":null}},"type":"cond-expr","locations":[{"start":{"line":268,"column":22},"end":{"line":268,"column":40}},{"start":{"line":268,"column":40},"end":{"line":268,"column":null}}],"line":268},"61":{"loc":{"start":{"line":269,"column":19},"end":{"line":269,"column":null}},"type":"cond-expr","locations":[{"start":{"line":269,"column":36},"end":{"line":269,"column":61}},{"start":{"line":269,"column":61},"end":{"line":269,"column":null}}],"line":269},"62":{"loc":{"start":{"line":270,"column":15},"end":{"line":270,"column":null}},"type":"cond-expr","locations":[{"start":{"line":270,"column":42},"end":{"line":270,"column":63}},{"start":{"line":270,"column":63},"end":{"line":270,"column":null}}],"line":270},"63":{"loc":{"start":{"line":271,"column":12},"end":{"line":271,"column":null}},"type":"cond-expr","locations":[{"start":{"line":271,"column":37},"end":{"line":271,"column":59}},{"start":{"line":271,"column":59},"end":{"line":271,"column":null}}],"line":271},"64":{"loc":{"start":{"line":274,"column":20},"end":{"line":274,"column":null}},"type":"cond-expr","locations":[{"start":{"line":274,"column":39},"end":{"line":274,"column":67}},{"start":{"line":274,"column":67},"end":{"line":274,"column":null}}],"line":274},"65":{"loc":{"start":{"line":274,"column":67},"end":{"line":274,"column":null}},"type":"binary-expr","locations":[{"start":{"line":274,"column":67},"end":{"line":274,"column":84}},{"start":{"line":274,"column":84},"end":{"line":274,"column":null}}],"line":274},"66":{"loc":{"start":{"line":278,"column":16},"end":{"line":278,"column":null}},"type":"cond-expr","locations":[{"start":{"line":278,"column":50},"end":{"line":278,"column":64}},{"start":{"line":278,"column":64},"end":{"line":278,"column":null}}],"line":278},"67":{"loc":{"start":{"line":279,"column":15},"end":{"line":279,"column":null}},"type":"cond-expr","locations":[{"start":{"line":279,"column":48},"end":{"line":279,"column":61}},{"start":{"line":279,"column":61},"end":{"line":279,"column":null}}],"line":279},"68":{"loc":{"start":{"line":280,"column":21},"end":{"line":280,"column":null}},"type":"cond-expr","locations":[{"start":{"line":280,"column":40},"end":{"line":280,"column":67}},{"start":{"line":280,"column":67},"end":{"line":280,"column":null}}],"line":280},"69":{"loc":{"start":{"line":281,"column":15},"end":{"line":281,"column":null}},"type":"cond-expr","locations":[{"start":{"line":281,"column":28},"end":{"line":281,"column":49}},{"start":{"line":281,"column":49},"end":{"line":281,"column":null}}],"line":281},"70":{"loc":{"start":{"line":282,"column":25},"end":{"line":282,"column":null}},"type":"cond-expr","locations":[{"start":{"line":282,"column":41},"end":{"line":282,"column":65}},{"start":{"line":282,"column":65},"end":{"line":282,"column":null}}],"line":282},"71":{"loc":{"start":{"line":283,"column":12},"end":{"line":283,"column":null}},"type":"cond-expr","locations":[{"start":{"line":283,"column":33},"end":{"line":283,"column":42}},{"start":{"line":283,"column":42},"end":{"line":283,"column":null}}],"line":283},"72":{"loc":{"start":{"line":284,"column":22},"end":{"line":284,"column":null}},"type":"cond-expr","locations":[{"start":{"line":284,"column":42},"end":{"line":284,"column":70}},{"start":{"line":284,"column":70},"end":{"line":284,"column":null}}],"line":284},"73":{"loc":{"start":{"line":297,"column":2},"end":{"line":297,"column":null}},"type":"if","locations":[{"start":{"line":297,"column":2},"end":{"line":297,"column":null}},{"start":{},"end":{}}],"line":297},"74":{"loc":{"start":{"line":297,"column":6},"end":{"line":297,"column":60}},"type":"binary-expr","locations":[{"start":{"line":297,"column":6},"end":{"line":297,"column":42}},{"start":{"line":297,"column":42},"end":{"line":297,"column":60}}],"line":297},"75":{"loc":{"start":{"line":305,"column":2},"end":{"line":305,"column":null}},"type":"if","locations":[{"start":{"line":305,"column":2},"end":{"line":305,"column":null}},{"start":{},"end":{}}],"line":305},"76":{"loc":{"start":{"line":306,"column":25},"end":{"line":306,"column":41}},"type":"binary-expr","locations":[{"start":{"line":306,"column":25},"end":{"line":306,"column":40}},{"start":{"line":306,"column":40},"end":{"line":306,"column":41}}],"line":306},"77":{"loc":{"start":{"line":307,"column":2},"end":{"line":307,"column":null}},"type":"if","locations":[{"start":{"line":307,"column":2},"end":{"line":307,"column":null}},{"start":{},"end":{}}],"line":307},"78":{"loc":{"start":{"line":308,"column":2},"end":{"line":308,"column":null}},"type":"if","locations":[{"start":{"line":308,"column":2},"end":{"line":308,"column":null}},{"start":{},"end":{}}],"line":308},"79":{"loc":{"start":{"line":309,"column":2},"end":{"line":309,"column":null}},"type":"if","locations":[{"start":{"line":309,"column":2},"end":{"line":309,"column":null}},{"start":{},"end":{}}],"line":309},"80":{"loc":{"start":{"line":310,"column":2},"end":{"line":310,"column":null}},"type":"if","locations":[{"start":{"line":310,"column":2},"end":{"line":310,"column":null}},{"start":{},"end":{}}],"line":310},"81":{"loc":{"start":{"line":311,"column":2},"end":{"line":311,"column":null}},"type":"if","locations":[{"start":{"line":311,"column":2},"end":{"line":311,"column":null}},{"start":{},"end":{}}],"line":311},"82":{"loc":{"start":{"line":312,"column":2},"end":{"line":312,"column":null}},"type":"if","locations":[{"start":{"line":312,"column":2},"end":{"line":312,"column":null}},{"start":{},"end":{}}],"line":312},"83":{"loc":{"start":{"line":313,"column":2},"end":{"line":313,"column":null}},"type":"if","locations":[{"start":{"line":313,"column":2},"end":{"line":313,"column":null}},{"start":{},"end":{}}],"line":313},"84":{"loc":{"start":{"line":314,"column":2},"end":{"line":314,"column":null}},"type":"if","locations":[{"start":{"line":314,"column":2},"end":{"line":314,"column":null}},{"start":{},"end":{}}],"line":314},"85":{"loc":{"start":{"line":320,"column":2},"end":{"line":325,"column":null}},"type":"if","locations":[{"start":{"line":320,"column":2},"end":{"line":325,"column":null}},{"start":{},"end":{}}],"line":320},"86":{"loc":{"start":{"line":327,"column":2},"end":{"line":327,"column":null}},"type":"if","locations":[{"start":{"line":327,"column":2},"end":{"line":327,"column":null}},{"start":{},"end":{}}],"line":327}},"s":{"0":39,"1":39,"2":3,"3":35,"4":35,"5":35,"6":35,"7":35,"8":137,"9":2,"10":135,"11":135,"12":135,"13":1,"14":135,"15":135,"16":135,"17":2,"18":2,"19":0,"20":2,"21":1,"22":1,"23":1,"24":1,"25":1,"26":2,"27":133,"28":1,"29":1,"30":0,"31":1,"32":1,"33":1,"34":0,"35":1,"36":1,"37":1,"38":132,"39":132,"40":1,"41":131,"42":131,"43":131,"44":5,"45":5,"46":5,"47":126,"48":35,"49":146,"50":1,"51":145,"52":1,"53":144,"54":3,"55":141,"56":24,"57":117,"58":3,"59":114,"60":4,"61":110,"62":9,"63":18,"64":101,"65":39,"66":39,"67":39,"68":3,"69":35,"70":35,"71":35,"72":35,"73":1,"74":2,"75":0,"76":0,"77":35,"78":39,"79":39,"80":0,"81":0,"82":0,"83":0,"84":35,"85":39,"86":39,"87":13,"88":13,"89":35,"90":23,"91":23,"92":1,"93":1,"94":1,"95":1,"96":2,"97":2,"98":1,"99":1,"100":1,"101":1,"102":1,"103":35,"104":35,"105":1,"106":49,"107":2,"108":47,"109":14,"110":14,"111":14,"112":14,"113":1,"114":14,"115":14,"116":1,"117":14,"118":4,"119":14,"120":4,"121":14,"122":4,"123":14,"124":1,"125":14,"126":4,"127":14,"128":4,"129":14,"130":4,"131":14,"132":14,"133":12,"134":12,"135":12,"136":12,"137":14,"138":12,"139":14,"140":3,"141":3},"f":{"0":39,"1":35,"2":146,"3":18,"4":39,"5":49,"6":14,"7":3},"b":{"0":[3,36],"1":[2,135],"2":[137,136],"3":[135,8],"4":[2,133],"5":[0,2],"6":[1,1],"7":[2,2],"8":[1,0],"9":[1,132],"10":[0,1],"11":[1,0],"12":[0,1],"13":[1,131],"14":[5,126],"15":[131,126,126],"16":[1,145],"17":[1,144],"18":[3,141],"19":[144,142],"20":[24,117],"21":[3,114],"22":[4,110],"23":[114,3,111,1],"24":[9,101],"25":[110,9],"26":[3,36],"27":[1,34],"28":[0,2],"29":[2,2],"30":[0,0],"31":[0,0],"32":[0,0],"33":[0,0],"34":[35,33],"35":[0,39],"36":[0,0],"37":[0,0],"38":[0,0],"39":[0,0],"40":[0,0],"41":[34,1],"42":[1,0],"43":[13,26],"44":[23,12],"45":[1,22],"46":[23,1,1],"47":[1,0],"48":[2,2],"49":[2,2],"50":[2,2],"51":[2,2],"52":[2,2],"53":[0,2],"54":[0,2],"55":[1,0],"56":[1,1],"57":[1,1],"58":[1,1],"59":[1,0],"60":[34,1],"61":[4,31],"62":[12,23],"63":[6,29],"64":[2,33],"65":[33,33],"66":[6,29],"67":[6,29],"68":[2,33],"69":[5,30],"70":[4,31],"71":[4,31],"72":[4,31],"73":[2,47],"74":[49,47],"75":[1,13],"76":[14,11],"77":[1,13],"78":[4,10],"79":[4,10],"80":[4,10],"81":[1,13],"82":[4,10],"83":[4,10],"84":[4,10],"85":[12,2],"86":[12,2]},"meta":{"lastBranch":87,"lastFunction":8,"lastStatement":142,"seen":{"f:91:9:91:28":0,"s:92:16:92:Infinity":0,"b:93:2:93:Infinity:undefined:undefined:undefined:undefined":0,"s:93:2:93:Infinity":1,"s:93:14:93:Infinity":2,"s:94:2:94:Infinity":3,"f:100:9:100:19":1,"s:101:16:101:Infinity":4,"s:102:40:102:Infinity":5,"s:103:99:105:Infinity":6,"s:107:2:162:Infinity":7,"b:108:4:108:Infinity:undefined:undefined:undefined:undefined":1,"s:108:4:108:Infinity":8,"b:108:8:108:24:108:24:108:53":2,"s:108:53:108:Infinity":9,"s:110:19:110:Infinity":10,"s:111:20:111:Infinity":11,"s:114:4:114:Infinity":12,"b:114:11:114:31:114:31:114:73":3,"s:114:73:114:Infinity":13,"s:116:16:116:Infinity":14,"s:117:19:117:Infinity":15,"b:120:4:132:Infinity:undefined:undefined:undefined:undefined":4,"s:120:4:132:Infinity":16,"s:121:18:121:Infinity":17,"b:122:6:130:Infinity:124:6:130:Infinity":5,"s:122:6:130:Infinity":18,"s:123:8:123:Infinity":19,"b:124:6:130:Infinity:126:6:130:Infinity":6,"s:124:6:130:Infinity":20,"b:124:17:124:28:124:28:124:89":7,"s:125:10:125:Infinity":21,"b:126:6:130:Infinity:undefined:undefined:undefined:undefined":8,"s:126:6:130:Infinity":22,"s:127:31:127:Infinity":23,"s:128:10:128:Infinity":24,"s:129:8:129:Infinity":25,"s:131:6:131:Infinity":26,"b:135:4:146:Infinity:undefined:undefined:undefined:undefined":9,"s:135:4:146:Infinity":27,"s:136:45:136:Infinity":28,"b:137:6:143:Infinity:139:6:143:Infinity":10,"s:137:6:143:Infinity":29,"s:138:8:138:Infinity":30,"b:139:6:143:Infinity:undefined:undefined:undefined:undefined":11,"s:139:6:143:Infinity":31,"s:140:26:140:Infinity":32,"b:141:8:142:Infinity:142:14:142:Infinity":12,"s:141:8:142:Infinity":33,"s:141:37:141:Infinity":34,"s:142:14:142:Infinity":35,"s:144:6:144:Infinity":36,"s:145:6:145:Infinity":37,"s:149:21:149:Infinity":38,"b:150:4:150:Infinity:undefined:undefined:undefined:undefined":13,"s:150:4:150:Infinity":39,"s:150:22:150:Infinity":40,"s:151:16:151:Infinity":41,"s:152:17:152:Infinity":42,"b:154:4:161:Infinity:159:11:161:Infinity":14,"s:154:4:161:Infinity":43,"b:154:8:154:23:154:23:154:39:154:39:154:53":15,"s:156:45:156:Infinity":44,"s:157:8:157:Infinity":45,"s:158:6:158:Infinity":46,"s:160:8:160:Infinity":47,"s:164:2:164:Infinity":48,"f:167:9:167:21":2,"b:168:2:168:Infinity:undefined:undefined:undefined:undefined":16,"s:168:2:168:Infinity":49,"s:168:20:168:Infinity":50,"b:169:2:169:Infinity:undefined:undefined:undefined:undefined":17,"s:169:2:169:Infinity":51,"s:169:21:169:Infinity":52,"b:170:2:170:Infinity:undefined:undefined:undefined:undefined":18,"s:170:2:170:Infinity":53,"b:170:6:170:22:170:22:170:33":19,"s:170:33:170:Infinity":54,"b:171:2:171:Infinity:undefined:undefined:undefined:undefined":20,"s:171:2:171:Infinity":55,"s:171:25:171:Infinity":56,"b:172:2:172:Infinity:undefined:undefined:undefined:undefined":21,"s:172:2:172:Infinity":57,"s:172:30:172:Infinity":58,"b:173:2:175:Infinity:undefined:undefined:undefined:undefined":22,"s:173:2:175:Infinity":59,"b:173:7:173:28:173:28:173:49:173:49:173:70:173:70:173:88":23,"s:174:4:174:Infinity":60,"b:177:2:179:Infinity:undefined:undefined:undefined:undefined":24,"s:177:2:179:Infinity":61,"b:177:6:177:27:177:27:177:44":25,"s:178:4:178:Infinity":62,"f:178:41:178:46":3,"s:178:46:178:67":63,"s:180:2:180:Infinity":64,"f:185:16:185:33":4,"s:186:2:291:Infinity":65,"s:187:27:187:Infinity":66,"b:188:4:188:Infinity:undefined:undefined:undefined:undefined":26,"s:188:4:188:Infinity":67,"s:188:15:188:Infinity":68,"s:190:15:190:Infinity":69,"s:192:35:192:Infinity":70,"s:193:22:193:Infinity":71,"b:194:4:206:Infinity:undefined:undefined:undefined:undefined":27,"s:194:4:206:Infinity":72,"s:195:6:205:Infinity":73,"b:196:8:204:Infinity:undefined:undefined:undefined:undefined":28,"s:196:8:204:Infinity":74,"b:196:12:196:17:196:17:196:40":29,"s:197:24:197:Infinity":75,"s:198:10:203:Infinity":76,"b:199:23:199:35:199:35:199:37":30,"b:200:31:200:52:200:52:200:Infinity":31,"b:201:33:201:55:201:55:201:Infinity":32,"b:202:47:202:76:202:76:202:Infinity":33,"s:208:19:208:Infinity":77,"b:208:19:208:34:208:34:208:Infinity":34,"s:209:45:209:Infinity":78,"b:210:4:221:Infinity:undefined:undefined:undefined:undefined":35,"s:210:4:221:Infinity":79,"s:211:6:220:Infinity":80,"b:212:8:219:Infinity:undefined:undefined:undefined:undefined":36,"s:212:8:219:Infinity":81,"b:212:12:212:17:212:17:212:40":37,"s:213:21:213:Infinity":82,"s:214:10:218:Infinity":83,"b:215:25:215:36:215:36:215:38":38,"b:216:23:216:32:216:32:216:34":39,"b:217:38:217:61:217:61:217:Infinity":40,"s:223:15:223:Infinity":84,"b:223:23:223:39:223:39:223:Infinity":41,"b:223:39:223:87:223:87:223:Infinity":42,"s:228:30:228:Infinity":85,"b:229:4:231:Infinity:undefined:undefined:undefined:undefined":43,"s:229:4:231:Infinity":86,"s:230:6:230:Infinity":87,"s:230:12:230:69":88,"b:232:4:261:Infinity:undefined:undefined:undefined:undefined":44,"s:232:4:261:Infinity":89,"s:234:23:234:Infinity":90,"b:235:6:260:Infinity:undefined:undefined:undefined:undefined":45,"s:235:6:260:Infinity":91,"b:235:10:235:22:235:22:235:54:235:54:235:80":46,"s:236:36:236:Infinity":92,"s:237:36:237:Infinity":93,"b:238:8:249:Infinity:undefined:undefined:undefined:undefined":47,"s:238:8:249:Infinity":94,"s:239:10:248:Infinity":95,"s:240:25:240:Infinity":96,"b:240:25:240:39:240:39:240:Infinity":48,"s:241:12:247:Infinity":97,"b:242:25:242:33:242:33:242:35":49,"b:243:21:243:53:243:53:243:Infinity":50,"b:244:36:244:45:244:45:244:46":51,"b:244:59:244:68:244:68:244:69":52,"b:245:35:245:55:245:55:245:Infinity":53,"b:246:29:246:46:246:46:246:Infinity":54,"b:250:8:258:Infinity:undefined:undefined:undefined:undefined":55,"s:250:8:258:Infinity":98,"s:251:10:257:Infinity":99,"s:252:12:256:Infinity":100,"b:253:25:253:33:253:33:253:68":56,"b:254:27:254:37:254:37:254:39":57,"b:255:25:255:33:255:33:255:35":58,"b:259:8:259:Infinity:undefined:undefined:undefined:undefined":59,"s:259:8:259:Infinity":101,"s:259:27:259:Infinity":102,"s:264:22:264:Infinity":103,"s:266:4:288:Infinity":104,"b:268:22:268:40:268:40:268:Infinity":60,"b:269:36:269:61:269:61:269:Infinity":61,"b:270:42:270:63:270:63:270:Infinity":62,"b:271:37:271:59:271:59:271:Infinity":63,"b:274:39:274:67:274:67:274:Infinity":64,"b:274:67:274:84:274:84:274:Infinity":65,"b:278:50:278:64:278:64:278:Infinity":66,"b:279:48:279:61:279:61:279:Infinity":67,"b:280:40:280:67:280:67:280:Infinity":68,"b:281:28:281:49:281:49:281:Infinity":69,"b:282:41:282:65:282:65:282:Infinity":70,"b:283:33:283:42:283:42:283:Infinity":71,"b:284:42:284:70:284:70:284:Infinity":72,"s:290:4:290:Infinity":105,"f:296:9:296:17":5,"b:297:2:297:Infinity:undefined:undefined:undefined:undefined":73,"s:297:2:297:Infinity":106,"b:297:6:297:42:297:42:297:60":74,"s:297:60:297:Infinity":107,"s:298:2:298:Infinity":108,"f:301:16:301:33":6,"s:302:26:302:Infinity":109,"s:303:2:303:Infinity":110,"s:304:2:304:Infinity":111,"b:305:2:305:Infinity:undefined:undefined:undefined:undefined":75,"s:305:2:305:Infinity":112,"s:305:23:305:Infinity":113,"s:306:2:306:Infinity":114,"b:306:25:306:40:306:40:306:41":76,"b:307:2:307:Infinity:undefined:undefined:undefined:undefined":77,"s:307:2:307:Infinity":115,"s:307:19:307:Infinity":116,"b:308:2:308:Infinity:undefined:undefined:undefined:undefined":78,"s:308:2:308:Infinity":117,"s:308:24:308:Infinity":118,"b:309:2:309:Infinity:undefined:undefined:undefined:undefined":79,"s:309:2:309:Infinity":119,"s:309:28:309:Infinity":120,"b:310:2:310:Infinity:undefined:undefined:undefined:undefined":80,"s:310:2:310:Infinity":121,"s:310:27:310:Infinity":122,"b:311:2:311:Infinity:undefined:undefined:undefined:undefined":81,"s:311:2:311:Infinity":123,"s:311:25:311:Infinity":124,"b:312:2:312:Infinity:undefined:undefined:undefined:undefined":82,"s:312:2:312:Infinity":125,"s:312:29:312:Infinity":126,"b:313:2:313:Infinity:undefined:undefined:undefined:undefined":83,"s:313:2:313:Infinity":127,"s:313:27:313:Infinity":128,"b:314:2:314:Infinity:undefined:undefined:undefined:undefined":84,"s:314:2:314:Infinity":129,"s:314:26:314:Infinity":130,"s:315:2:315:Infinity":131,"b:320:2:325:Infinity:undefined:undefined:undefined:undefined":85,"s:320:2:325:Infinity":132,"s:321:4:321:Infinity":133,"s:322:4:322:Infinity":134,"s:323:4:323:Infinity":135,"s:324:4:324:Infinity":136,"b:327:2:327:Infinity:undefined:undefined:undefined:undefined":86,"s:327:2:327:Infinity":137,"s:327:16:327:Infinity":138,"s:328:2:328:Infinity":139,"f:333:16:333:32":7,"s:334:30:350:Infinity":140,"s:351:2:365:Infinity":141}}}
,"/home/joaxap/repos/joaxclaw/src/lib/teamBlueprint.ts": {"path":"/home/joaxap/repos/joaxclaw/src/lib/teamBlueprint.ts","statementMap":{"0":{"start":{"line":13,"column":35},"end":{"line":13,"column":null}},"1":{"start":{"line":16,"column":26},"end":{"line":16,"column":null}},"2":{"start":{"line":75,"column":2},"end":{"line":75,"column":null}},"3":{"start":{"line":79,"column":2},"end":{"line":79,"column":null}},"4":{"start":{"line":83,"column":2},"end":{"line":83,"column":null}},"5":{"start":{"line":89,"column":2},"end":{"line":89,"column":null}},"6":{"start":{"line":93,"column":2},"end":{"line":107,"column":null}},"7":{"start":{"line":94,"column":17},"end":{"line":94,"column":null}},"8":{"start":{"line":95,"column":4},"end":{"line":95,"column":null}},"9":{"start":{"line":95,"column":49},"end":{"line":95,"column":null}},"10":{"start":{"line":96,"column":4},"end":{"line":96,"column":null}},"11":{"start":{"line":96,"column":53},"end":{"line":96,"column":null}},"12":{"start":{"line":98,"column":4},"end":{"line":98,"column":null}},"13":{"start":{"line":98,"column":29},"end":{"line":98,"column":null}},"14":{"start":{"line":99,"column":4},"end":{"line":99,"column":null}},"15":{"start":{"line":99,"column":23},"end":{"line":99,"column":null}},"16":{"start":{"line":100,"column":4},"end":{"line":100,"column":null}},"17":{"start":{"line":100,"column":25},"end":{"line":100,"column":null}},"18":{"start":{"line":101,"column":4},"end":{"line":101,"column":null}},"19":{"start":{"line":101,"column":25},"end":{"line":101,"column":null}},"20":{"start":{"line":102,"column":4},"end":{"line":102,"column":null}},"21":{"start":{"line":102,"column":23},"end":{"line":102,"column":null}},"22":{"start":{"line":103,"column":4},"end":{"line":103,"column":null}},"23":{"start":{"line":103,"column":33},"end":{"line":103,"column":null}},"24":{"start":{"line":104,"column":4},"end":{"line":104,"column":null}},"25":{"start":{"line":106,"column":4},"end":{"line":106,"column":null}},"26":{"start":{"line":111,"column":2},"end":{"line":111,"column":null}},"27":{"start":{"line":118,"column":2},"end":{"line":140,"column":null}},"28":{"start":{"line":119,"column":17},"end":{"line":119,"column":null}},"29":{"start":{"line":121,"column":4},"end":{"line":127,"column":null}},"30":{"start":{"line":123,"column":6},"end":{"line":125,"column":null}},"31":{"start":{"line":124,"column":8},"end":{"line":124,"column":null}},"32":{"start":{"line":126,"column":6},"end":{"line":126,"column":null}},"33":{"start":{"line":129,"column":15},"end":{"line":129,"column":null}},"34":{"start":{"line":130,"column":4},"end":{"line":136,"column":null}},"35":{"start":{"line":131,"column":6},"end":{"line":135,"column":null}},"36":{"start":{"line":137,"column":4},"end":{"line":137,"column":null}},"37":{"start":{"line":139,"column":4},"end":{"line":139,"column":null}},"38":{"start":{"line":151,"column":29},"end":{"line":151,"column":null}},"39":{"start":{"line":154,"column":2},"end":{"line":154,"column":null}},"40":{"start":{"line":158,"column":2},"end":{"line":167,"column":null}},"41":{"start":{"line":159,"column":17},"end":{"line":159,"column":null}},"42":{"start":{"line":160,"column":4},"end":{"line":160,"column":null}},"43":{"start":{"line":160,"column":30},"end":{"line":160,"column":null}},"44":{"start":{"line":161,"column":4},"end":{"line":166,"column":null}},"45":{"start":{"line":163,"column":8},"end":{"line":165,"column":null}},"46":{"start":{"line":167,"column":12},"end":{"line":167,"column":22}},"47":{"start":{"line":171,"column":2},"end":{"line":171,"column":null}},"48":{"start":{"line":176,"column":30},"end":{"line":176,"column":null}},"49":{"start":{"line":177,"column":2},"end":{"line":177,"column":null}},"50":{"start":{"line":189,"column":2},"end":{"line":191,"column":null}},"51":{"start":{"line":190,"column":4},"end":{"line":190,"column":null}},"52":{"start":{"line":192,"column":14},"end":{"line":192,"column":null}},"53":{"start":{"line":193,"column":27},"end":{"line":193,"column":null}},"54":{"start":{"line":195,"column":2},"end":{"line":199,"column":null}},"55":{"start":{"line":196,"column":4},"end":{"line":198,"column":null}},"56":{"start":{"line":201,"column":2},"end":{"line":204,"column":null}},"57":{"start":{"line":202,"column":4},"end":{"line":202,"column":null}},"58":{"start":{"line":203,"column":4},"end":{"line":203,"column":null}},"59":{"start":{"line":206,"column":13},"end":{"line":206,"column":null}},"60":{"start":{"line":207,"column":2},"end":{"line":207,"column":null}},"61":{"start":{"line":207,"column":43},"end":{"line":207,"column":null}},"62":{"start":{"line":208,"column":2},"end":{"line":208,"column":null}},"63":{"start":{"line":208,"column":47},"end":{"line":208,"column":null}},"64":{"start":{"line":209,"column":2},"end":{"line":209,"column":null}},"65":{"start":{"line":209,"column":34},"end":{"line":209,"column":null}},"66":{"start":{"line":210,"column":2},"end":{"line":210,"column":null}},"67":{"start":{"line":210,"column":38},"end":{"line":210,"column":null}},"68":{"start":{"line":212,"column":2},"end":{"line":212,"column":null}},"69":{"start":{"line":218,"column":14},"end":{"line":218,"column":null}},"70":{"start":{"line":219,"column":2},"end":{"line":227,"column":null}},"71":{"start":{"line":236,"column":2},"end":{"line":244,"column":null}}},"fnMap":{"0":{"name":"blueprintFilename","decl":{"start":{"line":74,"column":16},"end":{"line":74,"column":34}},"loc":{"start":{"line":74,"column":54},"end":{"line":76,"column":null}},"line":74},"1":{"name":"blueprintPath","decl":{"start":{"line":78,"column":16},"end":{"line":78,"column":30}},"loc":{"start":{"line":78,"column":63},"end":{"line":80,"column":null}},"line":78},"2":{"name":"compiledMdPath","decl":{"start":{"line":82,"column":16},"end":{"line":82,"column":31}},"loc":{"start":{"line":82,"column":64},"end":{"line":84,"column":null}},"line":82},"3":{"name":"serializeBlueprint","decl":{"start":{"line":88,"column":16},"end":{"line":88,"column":35}},"loc":{"start":{"line":88,"column":62},"end":{"line":90,"column":null}},"line":88},"4":{"name":"parseBlueprint","decl":{"start":{"line":92,"column":16},"end":{"line":92,"column":31}},"loc":{"start":{"line":92,"column":67},"end":{"line":108,"column":null}},"line":92},"5":{"name":"serializeBundle","decl":{"start":{"line":110,"column":16},"end":{"line":110,"column":32}},"loc":{"start":{"line":110,"column":66},"end":{"line":112,"column":null}},"line":110},"6":{"name":"parseBundle","decl":{"start":{"line":117,"column":16},"end":{"line":117,"column":28}},"loc":{"start":{"line":117,"column":67},"end":{"line":141,"column":null}},"line":117},"7":{"name":"revisionsPath","decl":{"start":{"line":153,"column":16},"end":{"line":153,"column":30}},"loc":{"start":{"line":153,"column":63},"end":{"line":155,"column":null}},"line":153},"8":{"name":"parseRevisions","decl":{"start":{"line":157,"column":16},"end":{"line":157,"column":31}},"loc":{"start":{"line":157,"column":61},"end":{"line":168,"column":null}},"line":157},"9":{"name":"(anonymous_9)","decl":{"start":{"line":162,"column":6},"end":{"line":162,"column":7}},"loc":{"start":{"line":163,"column":8},"end":{"line":165,"column":null}},"line":163},"10":{"name":"serializeRevisions","decl":{"start":{"line":170,"column":16},"end":{"line":170,"column":35}},"loc":{"start":{"line":170,"column":70},"end":{"line":172,"column":null}},"line":170},"11":{"name":"appendRevision","decl":{"start":{"line":175,"column":16},"end":{"line":175,"column":31}},"loc":{"start":{"line":175,"column":92},"end":{"line":178,"column":null}},"line":175},"12":{"name":"validateBundle","decl":{"start":{"line":188,"column":16},"end":{"line":188,"column":31}},"loc":{"start":{"line":188,"column":56},"end":{"line":213,"column":null}},"line":188},"13":{"name":"newBlueprint","decl":{"start":{"line":217,"column":16},"end":{"line":217,"column":29}},"loc":{"start":{"line":217,"column":70},"end":{"line":228,"column":null}},"line":217},"14":{"name":"bumpBlueprint","decl":{"start":{"line":232,"column":16},"end":{"line":232,"column":null}},"loc":{"start":{"line":235,"column":17},"end":{"line":245,"column":null}},"line":235}},"branchMap":{"0":{"loc":{"start":{"line":95,"column":4},"end":{"line":95,"column":null}},"type":"if","locations":[{"start":{"line":95,"column":4},"end":{"line":95,"column":null}},{"start":{},"end":{}}],"line":95},"1":{"loc":{"start":{"line":95,"column":8},"end":{"line":95,"column":49}},"type":"binary-expr","locations":[{"start":{"line":95,"column":8},"end":{"line":95,"column":39}},{"start":{"line":95,"column":39},"end":{"line":95,"column":49}}],"line":95},"2":{"loc":{"start":{"line":96,"column":4},"end":{"line":96,"column":null}},"type":"if","locations":[{"start":{"line":96,"column":4},"end":{"line":96,"column":null}},{"start":{},"end":{}}],"line":96},"3":{"loc":{"start":{"line":96,"column":8},"end":{"line":96,"column":53}},"type":"binary-expr","locations":[{"start":{"line":96,"column":8},"end":{"line":96,"column":41}},{"start":{"line":96,"column":41},"end":{"line":96,"column":53}}],"line":96},"4":{"loc":{"start":{"line":98,"column":4},"end":{"line":98,"column":null}},"type":"if","locations":[{"start":{"line":98,"column":4},"end":{"line":98,"column":null}},{"start":{},"end":{}}],"line":98},"5":{"loc":{"start":{"line":99,"column":4},"end":{"line":99,"column":null}},"type":"if","locations":[{"start":{"line":99,"column":4},"end":{"line":99,"column":null}},{"start":{},"end":{}}],"line":99},"6":{"loc":{"start":{"line":100,"column":4},"end":{"line":100,"column":null}},"type":"if","locations":[{"start":{"line":100,"column":4},"end":{"line":100,"column":null}},{"start":{},"end":{}}],"line":100},"7":{"loc":{"start":{"line":101,"column":4},"end":{"line":101,"column":null}},"type":"if","locations":[{"start":{"line":101,"column":4},"end":{"line":101,"column":null}},{"start":{},"end":{}}],"line":101},"8":{"loc":{"start":{"line":102,"column":4},"end":{"line":102,"column":null}},"type":"if","locations":[{"start":{"line":102,"column":4},"end":{"line":102,"column":null}},{"start":{},"end":{}}],"line":102},"9":{"loc":{"start":{"line":103,"column":4},"end":{"line":103,"column":null}},"type":"if","locations":[{"start":{"line":103,"column":4},"end":{"line":103,"column":null}},{"start":{},"end":{}}],"line":103},"10":{"loc":{"start":{"line":121,"column":4},"end":{"line":127,"column":null}},"type":"if","locations":[{"start":{"line":121,"column":4},"end":{"line":127,"column":null}},{"start":{},"end":{}}],"line":121},"11":{"loc":{"start":{"line":121,"column":8},"end":{"line":121,"column":94}},"type":"binary-expr","locations":[{"start":{"line":121,"column":8},"end":{"line":121,"column":26}},{"start":{"line":121,"column":26},"end":{"line":121,"column":94}}],"line":121},"12":{"loc":{"start":{"line":123,"column":6},"end":{"line":125,"column":null}},"type":"if","locations":[{"start":{"line":123,"column":6},"end":{"line":125,"column":null}},{"start":{},"end":{}}],"line":123},"13":{"loc":{"start":{"line":123,"column":10},"end":{"line":123,"column":94}},"type":"binary-expr","locations":[{"start":{"line":123,"column":10},"end":{"line":123,"column":52}},{"start":{"line":123,"column":52},"end":{"line":123,"column":94}}],"line":123},"14":{"loc":{"start":{"line":130,"column":4},"end":{"line":136,"column":null}},"type":"if","locations":[{"start":{"line":130,"column":4},"end":{"line":136,"column":null}},{"start":{},"end":{}}],"line":130},"15":{"loc":{"start":{"line":160,"column":4},"end":{"line":160,"column":null}},"type":"if","locations":[{"start":{"line":160,"column":4},"end":{"line":160,"column":null}},{"start":{},"end":{}}],"line":160},"16":{"loc":{"start":{"line":163,"column":8},"end":{"line":165,"column":null}},"type":"binary-expr","locations":[{"start":{"line":163,"column":8},"end":{"line":163,"column":15}},{"start":{"line":163,"column":15},"end":{"line":163,"column":null}},{"start":{"line":164,"column":8},"end":{"line":164,"column":null}},{"start":{"line":165,"column":8},"end":{"line":165,"column":null}}],"line":163},"17":{"loc":{"start":{"line":189,"column":2},"end":{"line":191,"column":null}},"type":"if","locations":[{"start":{"line":189,"column":2},"end":{"line":191,"column":null}},{"start":{},"end":{}}],"line":189},"18":{"loc":{"start":{"line":189,"column":6},"end":{"line":189,"column":64}},"type":"binary-expr","locations":[{"start":{"line":189,"column":6},"end":{"line":189,"column":15}},{"start":{"line":189,"column":15},"end":{"line":189,"column":43}},{"start":{"line":189,"column":43},"end":{"line":189,"column":64}}],"line":189},"19":{"loc":{"start":{"line":195,"column":2},"end":{"line":199,"column":null}},"type":"if","locations":[{"start":{"line":195,"column":2},"end":{"line":199,"column":null}},{"start":{},"end":{}}],"line":195},"20":{"loc":{"start":{"line":195,"column":6},"end":{"line":195,"column":88}},"type":"binary-expr","locations":[{"start":{"line":195,"column":6},"end":{"line":195,"column":47}},{"start":{"line":195,"column":47},"end":{"line":195,"column":88}}],"line":195},"21":{"loc":{"start":{"line":201,"column":2},"end":{"line":204,"column":null}},"type":"if","locations":[{"start":{"line":201,"column":2},"end":{"line":204,"column":null}},{"start":{},"end":{}}],"line":201},"22":{"loc":{"start":{"line":201,"column":6},"end":{"line":201,"column":91}},"type":"binary-expr","locations":[{"start":{"line":201,"column":6},"end":{"line":201,"column":24}},{"start":{"line":201,"column":24},"end":{"line":201,"column":61}},{"start":{"line":201,"column":61},"end":{"line":201,"column":91}}],"line":201},"23":{"loc":{"start":{"line":207,"column":2},"end":{"line":207,"column":null}},"type":"if","locations":[{"start":{"line":207,"column":2},"end":{"line":207,"column":null}},{"start":{},"end":{}}],"line":207},"24":{"loc":{"start":{"line":207,"column":6},"end":{"line":207,"column":43}},"type":"binary-expr","locations":[{"start":{"line":207,"column":6},"end":{"line":207,"column":35}},{"start":{"line":207,"column":35},"end":{"line":207,"column":43}}],"line":207},"25":{"loc":{"start":{"line":208,"column":2},"end":{"line":208,"column":null}},"type":"if","locations":[{"start":{"line":208,"column":2},"end":{"line":208,"column":null}},{"start":{},"end":{}}],"line":208},"26":{"loc":{"start":{"line":208,"column":6},"end":{"line":208,"column":47}},"type":"binary-expr","locations":[{"start":{"line":208,"column":6},"end":{"line":208,"column":37}},{"start":{"line":208,"column":37},"end":{"line":208,"column":47}}],"line":208},"27":{"loc":{"start":{"line":209,"column":2},"end":{"line":209,"column":null}},"type":"if","locations":[{"start":{"line":209,"column":2},"end":{"line":209,"column":null}},{"start":{},"end":{}}],"line":209},"28":{"loc":{"start":{"line":210,"column":2},"end":{"line":210,"column":null}},"type":"if","locations":[{"start":{"line":210,"column":2},"end":{"line":210,"column":null}},{"start":{},"end":{}}],"line":210}},"s":{"0":1,"1":1,"2":2,"3":1,"4":1,"5":6,"6":12,"7":12,"8":12,"9":2,"10":9,"11":1,"12":8,"13":8,"14":8,"15":1,"16":8,"17":8,"18":8,"19":8,"20":8,"21":1,"22":8,"23":1,"24":8,"25":1,"26":2,"27":6,"28":6,"29":6,"30":3,"31":1,"32":2,"33":2,"34":2,"35":1,"36":1,"37":1,"38":1,"39":1,"40":8,"41":8,"42":8,"43":0,"44":7,"45":6,"46":1,"47":1,"48":29,"49":29,"50":11,"51":3,"52":8,"53":8,"54":8,"55":1,"56":8,"57":1,"58":1,"59":7,"60":7,"61":2,"62":7,"63":1,"64":7,"65":7,"66":7,"67":7,"68":7,"69":95,"70":95,"71":30},"f":{"0":2,"1":1,"2":1,"3":6,"4":12,"5":2,"6":6,"7":1,"8":8,"9":6,"10":1,"11":29,"12":11,"13":95,"14":30},"b":{"0":[2,10],"1":[12,9],"2":[1,8],"3":[9,8],"4":[1,7],"5":[1,7],"6":[1,7],"7":[1,7],"8":[1,7],"9":[1,7],"10":[3,3],"11":[6,3],"12":[1,2],"13":[3,3],"14":[1,1],"15":[0,8],"16":[6,6,6,4],"17":[3,8],"18":[11,10,8],"19":[1,7],"20":[8,8],"21":[1,7],"22":[8,7,7],"23":[2,5],"24":[7,6],"25":[1,6],"26":[7,7],"27":[1,6],"28":[1,6]},"meta":{"lastBranch":29,"lastFunction":15,"lastStatement":72,"seen":{"s:13:35:13:Infinity":0,"s:16:26:16:Infinity":1,"f:74:16:74:34":0,"s:75:2:75:Infinity":2,"f:78:16:78:30":1,"s:79:2:79:Infinity":3,"f:82:16:82:31":2,"s:83:2:83:Infinity":4,"f:88:16:88:35":3,"s:89:2:89:Infinity":5,"f:92:16:92:31":4,"s:93:2:107:Infinity":6,"s:94:17:94:Infinity":7,"b:95:4:95:Infinity:undefined:undefined:undefined:undefined":0,"s:95:4:95:Infinity":8,"b:95:8:95:39:95:39:95:49":1,"s:95:49:95:Infinity":9,"b:96:4:96:Infinity:undefined:undefined:undefined:undefined":2,"s:96:4:96:Infinity":10,"b:96:8:96:41:96:41:96:53":3,"s:96:53:96:Infinity":11,"b:98:4:98:Infinity:undefined:undefined:undefined:undefined":4,"s:98:4:98:Infinity":12,"s:98:29:98:Infinity":13,"b:99:4:99:Infinity:undefined:undefined:undefined:undefined":5,"s:99:4:99:Infinity":14,"s:99:23:99:Infinity":15,"b:100:4:100:Infinity:undefined:undefined:undefined:undefined":6,"s:100:4:100:Infinity":16,"s:100:25:100:Infinity":17,"b:101:4:101:Infinity:undefined:undefined:undefined:undefined":7,"s:101:4:101:Infinity":18,"s:101:25:101:Infinity":19,"b:102:4:102:Infinity:undefined:undefined:undefined:undefined":8,"s:102:4:102:Infinity":20,"s:102:23:102:Infinity":21,"b:103:4:103:Infinity:undefined:undefined:undefined:undefined":9,"s:103:4:103:Infinity":22,"s:103:33:103:Infinity":23,"s:104:4:104:Infinity":24,"s:106:4:106:Infinity":25,"f:110:16:110:32":5,"s:111:2:111:Infinity":26,"f:117:16:117:28":6,"s:118:2:140:Infinity":27,"s:119:17:119:Infinity":28,"b:121:4:127:Infinity:undefined:undefined:undefined:undefined":10,"s:121:4:127:Infinity":29,"b:121:8:121:26:121:26:121:94":11,"b:123:6:125:Infinity:undefined:undefined:undefined:undefined":12,"s:123:6:125:Infinity":30,"b:123:10:123:52:123:52:123:94":13,"s:124:8:124:Infinity":31,"s:126:6:126:Infinity":32,"s:129:15:129:Infinity":33,"b:130:4:136:Infinity:undefined:undefined:undefined:undefined":14,"s:130:4:136:Infinity":34,"s:131:6:135:Infinity":35,"s:137:4:137:Infinity":36,"s:139:4:139:Infinity":37,"s:151:29:151:Infinity":38,"f:153:16:153:30":7,"s:154:2:154:Infinity":39,"f:157:16:157:31":8,"s:158:2:167:Infinity":40,"s:159:17:159:Infinity":41,"b:160:4:160:Infinity:undefined:undefined:undefined:undefined":15,"s:160:4:160:Infinity":42,"s:160:30:160:Infinity":43,"s:161:4:166:Infinity":44,"f:162:6:162:7":9,"s:163:8:165:Infinity":45,"b:163:8:163:15:163:15:163:Infinity:164:8:164:Infinity:165:8:165:Infinity":16,"s:167:12:167:22":46,"f:170:16:170:35":10,"s:171:2:171:Infinity":47,"f:175:16:175:31":11,"s:176:30:176:Infinity":48,"s:177:2:177:Infinity":49,"f:188:16:188:31":12,"b:189:2:191:Infinity:undefined:undefined:undefined:undefined":17,"s:189:2:191:Infinity":50,"b:189:6:189:15:189:15:189:43:189:43:189:64":18,"s:190:4:190:Infinity":51,"s:192:14:192:Infinity":52,"s:193:27:193:Infinity":53,"b:195:2:199:Infinity:undefined:undefined:undefined:undefined":19,"s:195:2:199:Infinity":54,"b:195:6:195:47:195:47:195:88":20,"s:196:4:198:Infinity":55,"b:201:2:204:Infinity:undefined:undefined:undefined:undefined":21,"s:201:2:204:Infinity":56,"b:201:6:201:24:201:24:201:61:201:61:201:91":22,"s:202:4:202:Infinity":57,"s:203:4:203:Infinity":58,"s:206:13:206:Infinity":59,"b:207:2:207:Infinity:undefined:undefined:undefined:undefined":23,"s:207:2:207:Infinity":60,"b:207:6:207:35:207:35:207:43":24,"s:207:43:207:Infinity":61,"b:208:2:208:Infinity:undefined:undefined:undefined:undefined":25,"s:208:2:208:Infinity":62,"b:208:6:208:37:208:37:208:47":26,"s:208:47:208:Infinity":63,"b:209:2:209:Infinity:undefined:undefined:undefined:undefined":27,"s:209:2:209:Infinity":64,"s:209:34:209:Infinity":65,"b:210:2:210:Infinity:undefined:undefined:undefined:undefined":28,"s:210:2:210:Infinity":66,"s:210:38:210:Infinity":67,"s:212:2:212:Infinity":68,"f:217:16:217:29":13,"s:218:14:218:Infinity":69,"s:219:2:227:Infinity":70,"f:232:16:232:Infinity":14,"s:236:2:244:Infinity":71}}}
,"/home/joaxap/repos/joaxclaw/src/lib/teamCompiler.ts": {"path":"/home/joaxap/repos/joaxclaw/src/lib/teamCompiler.ts","statementMap":{"0":{"start":{"line":22,"column":15},"end":{"line":22,"column":null}},"1":{"start":{"line":27,"column":2},"end":{"line":29,"column":null}},"2":{"start":{"line":28,"column":4},"end":{"line":28,"column":null}},"3":{"start":{"line":30,"column":2},"end":{"line":30,"column":null}},"4":{"start":{"line":36,"column":80},"end":{"line":36,"column":null}},"5":{"start":{"line":38,"column":29},"end":{"line":38,"column":null}},"6":{"start":{"line":39,"column":29},"end":{"line":39,"column":null}},"7":{"start":{"line":40,"column":10},"end":{"line":40,"column":null}},"8":{"start":{"line":41,"column":13},"end":{"line":41,"column":null}},"9":{"start":{"line":42,"column":18},"end":{"line":43,"column":null}},"10":{"start":{"line":43,"column":4},"end":{"line":43,"column":null}},"11":{"start":{"line":45,"column":2},"end":{"line":45,"column":null}},"12":{"start":{"line":46,"column":13},"end":{"line":46,"column":null}},"13":{"start":{"line":47,"column":2},"end":{"line":47,"column":null}},"14":{"start":{"line":49,"column":2},"end":{"line":86,"column":null}},"15":{"start":{"line":49,"column":15},"end":{"line":49,"column":18}},"16":{"start":{"line":50,"column":14},"end":{"line":50,"column":null}},"17":{"start":{"line":52,"column":4},"end":{"line":62,"column":null}},"18":{"start":{"line":53,"column":18},"end":{"line":53,"column":null}},"19":{"start":{"line":54,"column":6},"end":{"line":58,"column":null}},"20":{"start":{"line":59,"column":6},"end":{"line":59,"column":null}},"21":{"start":{"line":60,"column":6},"end":{"line":60,"column":null}},"22":{"start":{"line":61,"column":6},"end":{"line":61,"column":null}},"23":{"start":{"line":64,"column":16},"end":{"line":64,"column":null}},"24":{"start":{"line":65,"column":4},"end":{"line":69,"column":null}},"25":{"start":{"line":70,"column":4},"end":{"line":70,"column":null}},"26":{"start":{"line":71,"column":4},"end":{"line":71,"column":null}},"27":{"start":{"line":72,"column":4},"end":{"line":72,"column":null}},"28":{"start":{"line":74,"column":4},"end":{"line":85,"column":null}},"29":{"start":{"line":75,"column":19},"end":{"line":75,"column":null}},"30":{"start":{"line":76,"column":18},"end":{"line":76,"column":null}},"31":{"start":{"line":77,"column":6},"end":{"line":81,"column":null}},"32":{"start":{"line":82,"column":6},"end":{"line":82,"column":null}},"33":{"start":{"line":83,"column":6},"end":{"line":83,"column":null}},"34":{"start":{"line":84,"column":6},"end":{"line":84,"column":null}},"35":{"start":{"line":88,"column":2},"end":{"line":88,"column":null}},"36":{"start":{"line":89,"column":2},"end":{"line":89,"column":null}},"37":{"start":{"line":91,"column":30},"end":{"line":91,"column":null}},"38":{"start":{"line":92,"column":33},"end":{"line":92,"column":null}},"39":{"start":{"line":92,"column":51},"end":{"line":92,"column":83}},"40":{"start":{"line":94,"column":2},"end":{"line":109,"column":null}},"41":{"start":{"line":115,"column":80},"end":{"line":115,"column":null}},"42":{"start":{"line":116,"column":17},"end":{"line":116,"column":null}},"43":{"start":{"line":119,"column":25},"end":{"line":119,"column":null}},"44":{"start":{"line":120,"column":2},"end":{"line":120,"column":null}},"45":{"start":{"line":120,"column":26},"end":{"line":120,"column":null}},"46":{"start":{"line":122,"column":29},"end":{"line":122,"column":null}},"47":{"start":{"line":123,"column":2},"end":{"line":125,"column":null}},"48":{"start":{"line":123,"column":15},"end":{"line":123,"column":18}},"49":{"start":{"line":124,"column":4},"end":{"line":124,"column":null}},"50":{"start":{"line":124,"column":53},"end":{"line":124,"column":null}},"51":{"start":{"line":127,"column":29},"end":{"line":127,"column":null}},"52":{"start":{"line":128,"column":29},"end":{"line":128,"column":null}},"53":{"start":{"line":129,"column":10},"end":{"line":129,"column":null}},"54":{"start":{"line":130,"column":13},"end":{"line":130,"column":null}},"55":{"start":{"line":131,"column":18},"end":{"line":132,"column":null}},"56":{"start":{"line":132,"column":4},"end":{"line":132,"column":null}},"57":{"start":{"line":136,"column":2},"end":{"line":136,"column":null}},"58":{"start":{"line":137,"column":2},"end":{"line":137,"column":null}},"59":{"start":{"line":139,"column":2},"end":{"line":185,"column":null}},"60":{"start":{"line":139,"column":15},"end":{"line":139,"column":18}},"61":{"start":{"line":140,"column":14},"end":{"line":140,"column":null}},"62":{"start":{"line":141,"column":18},"end":{"line":141,"column":null}},"63":{"start":{"line":143,"column":4},"end":{"line":150,"column":null}},"64":{"start":{"line":144,"column":6},"end":{"line":148,"column":null}},"65":{"start":{"line":149,"column":6},"end":{"line":149,"column":null}},"66":{"start":{"line":152,"column":4},"end":{"line":156,"column":null}},"67":{"start":{"line":157,"column":4},"end":{"line":157,"column":null}},"68":{"start":{"line":159,"column":4},"end":{"line":184,"column":null}},"69":{"start":{"line":161,"column":25},"end":{"line":169,"column":null}},"70":{"start":{"line":163,"column":23},"end":{"line":163,"column":null}},"71":{"start":{"line":164,"column":25},"end":{"line":166,"column":null}},"72":{"start":{"line":167,"column":10},"end":{"line":167,"column":null}},"73":{"start":{"line":170,"column":6},"end":{"line":174,"column":null}},"74":{"start":{"line":175,"column":6},"end":{"line":175,"column":null}},"75":{"start":{"line":176,"column":4},"end":{"line":184,"column":null}},"76":{"start":{"line":177,"column":19},"end":{"line":177,"column":null}},"77":{"start":{"line":178,"column":6},"end":{"line":182,"column":null}},"78":{"start":{"line":183,"column":6},"end":{"line":183,"column":null}},"79":{"start":{"line":187,"column":2},"end":{"line":187,"column":null}},"80":{"start":{"line":194,"column":13},"end":{"line":194,"column":null}},"81":{"start":{"line":196,"column":2},"end":{"line":235,"column":null}},"82":{"start":{"line":196,"column":15},"end":{"line":196,"column":18}},"83":{"start":{"line":197,"column":14},"end":{"line":197,"column":null}},"84":{"start":{"line":198,"column":18},"end":{"line":198,"column":null}},"85":{"start":{"line":200,"column":4},"end":{"line":203,"column":null}},"86":{"start":{"line":201,"column":6},"end":{"line":201,"column":null}},"87":{"start":{"line":202,"column":6},"end":{"line":202,"column":null}},"88":{"start":{"line":205,"column":4},"end":{"line":205,"column":null}},"89":{"start":{"line":205,"column":21},"end":{"line":205,"column":null}},"90":{"start":{"line":206,"column":4},"end":{"line":206,"column":null}},"91":{"start":{"line":208,"column":4},"end":{"line":233,"column":null}},"92":{"start":{"line":209,"column":6},"end":{"line":209,"column":null}},"93":{"start":{"line":211,"column":6},"end":{"line":220,"column":null}},"94":{"start":{"line":212,"column":8},"end":{"line":219,"column":null}},"95":{"start":{"line":213,"column":10},"end":{"line":213,"column":null}},"96":{"start":{"line":215,"column":28},"end":{"line":215,"column":null}},"97":{"start":{"line":216,"column":10},"end":{"line":218,"column":null}},"98":{"start":{"line":217,"column":12},"end":{"line":217,"column":null}},"99":{"start":{"line":223,"column":6},"end":{"line":225,"column":null}},"100":{"start":{"line":223,"column":64},"end":{"line":223,"column":93}},"101":{"start":{"line":224,"column":8},"end":{"line":224,"column":null}},"102":{"start":{"line":229,"column":6},"end":{"line":229,"column":null}},"103":{"start":{"line":230,"column":4},"end":{"line":233,"column":null}},"104":{"start":{"line":231,"column":6},"end":{"line":231,"column":null}},"105":{"start":{"line":232,"column":6},"end":{"line":232,"column":null}},"106":{"start":{"line":237,"column":2},"end":{"line":237,"column":null}},"107":{"start":{"line":237,"column":19},"end":{"line":237,"column":null}},"108":{"start":{"line":239,"column":30},"end":{"line":239,"column":null}},"109":{"start":{"line":240,"column":33},"end":{"line":240,"column":null}},"110":{"start":{"line":240,"column":51},"end":{"line":240,"column":83}},"111":{"start":{"line":242,"column":2},"end":{"line":257,"column":null}},"112":{"start":{"line":268,"column":16},"end":{"line":268,"column":null}},"113":{"start":{"line":269,"column":2},"end":{"line":269,"column":null}},"114":{"start":{"line":269,"column":27},"end":{"line":269,"column":null}},"115":{"start":{"line":270,"column":2},"end":{"line":280,"column":null}},"116":{"start":{"line":271,"column":4},"end":{"line":271,"column":null}},"117":{"start":{"line":272,"column":4},"end":{"line":279,"column":null}},"118":{"start":{"line":273,"column":6},"end":{"line":273,"column":null}},"119":{"start":{"line":274,"column":6},"end":{"line":278,"column":null}},"120":{"start":{"line":275,"column":21},"end":{"line":275,"column":null}},"121":{"start":{"line":276,"column":23},"end":{"line":276,"column":null}},"122":{"start":{"line":277,"column":8},"end":{"line":277,"column":null}},"123":{"start":{"line":281,"column":2},"end":{"line":281,"column":null}},"124":{"start":{"line":281,"column":22},"end":{"line":281,"column":null}},"125":{"start":{"line":282,"column":2},"end":{"line":282,"column":null}},"126":{"start":{"line":293,"column":8},"end":{"line":295,"column":null}},"127":{"start":{"line":294,"column":17},"end":{"line":294,"column":35}},"128":{"start":{"line":295,"column":20},"end":{"line":295,"column":47}},"129":{"start":{"line":297,"column":2},"end":{"line":309,"column":null}},"130":{"start":{"line":298,"column":20},"end":{"line":298,"column":null}},"131":{"start":{"line":299,"column":25},"end":{"line":299,"column":null}},"132":{"start":{"line":299,"column":46},"end":{"line":299,"column":62}},"133":{"start":{"line":300,"column":21},"end":{"line":300,"column":null}},"134":{"start":{"line":300,"column":48},"end":{"line":300,"column":61}},"135":{"start":{"line":301,"column":21},"end":{"line":301,"column":null}},"136":{"start":{"line":301,"column":60},"end":{"line":301,"column":83}},"137":{"start":{"line":302,"column":4},"end":{"line":308,"column":null}}},"fnMap":{"0":{"name":"buildTeamProcessDef","decl":{"start":{"line":26,"column":16},"end":{"line":26,"column":36}},"loc":{"start":{"line":26,"column":89},"end":{"line":31,"column":null}},"line":26},"1":{"name":"buildLinearTeamDef","decl":{"start":{"line":35,"column":9},"end":{"line":35,"column":28}},"loc":{"start":{"line":35,"column":81},"end":{"line":110,"column":null}},"line":35},"2":{"name":"(anonymous_2)","decl":{"start":{"line":42,"column":18},"end":{"line":42,"column":19}},"loc":{"start":{"line":43,"column":4},"end":{"line":43,"column":null}},"line":43},"3":{"name":"(anonymous_3)","decl":{"start":{"line":92,"column":45},"end":{"line":92,"column":51}},"loc":{"start":{"line":92,"column":51},"end":{"line":92,"column":83}},"line":92},"4":{"name":"buildBranchingTeamDef","decl":{"start":{"line":114,"column":9},"end":{"line":114,"column":31}},"loc":{"start":{"line":114,"column":84},"end":{"line":258,"column":null}},"line":114},"5":{"name":"(anonymous_5)","decl":{"start":{"line":131,"column":18},"end":{"line":131,"column":19}},"loc":{"start":{"line":132,"column":4},"end":{"line":132,"column":null}},"line":132},"6":{"name":"(anonymous_6)","decl":{"start":{"line":162,"column":13},"end":{"line":162,"column":18}},"loc":{"start":{"line":162,"column":18},"end":{"line":168,"column":9}},"line":162},"7":{"name":"(anonymous_7)","decl":{"start":{"line":223,"column":59},"end":{"line":223,"column":64}},"loc":{"start":{"line":223,"column":64},"end":{"line":223,"column":93}},"line":223},"8":{"name":"(anonymous_8)","decl":{"start":{"line":240,"column":45},"end":{"line":240,"column":51}},"loc":{"start":{"line":240,"column":51},"end":{"line":240,"column":83}},"line":240},"9":{"name":"buildBody","decl":{"start":{"line":262,"column":9},"end":{"line":262,"column":null}},"loc":{"start":{"line":267,"column":10},"end":{"line":283,"column":null}},"line":267},"10":{"name":"extractMembersFromDef","decl":{"start":{"line":292,"column":16},"end":{"line":292,"column":38}},"loc":{"start":{"line":292,"column":72},"end":{"line":310,"column":null}},"line":292},"11":{"name":"(anonymous_11)","decl":{"start":{"line":294,"column":12},"end":{"line":294,"column":17}},"loc":{"start":{"line":294,"column":17},"end":{"line":294,"column":35}},"line":294},"12":{"name":"(anonymous_12)","decl":{"start":{"line":295,"column":10},"end":{"line":295,"column":11}},"loc":{"start":{"line":295,"column":20},"end":{"line":295,"column":47}},"line":295},"13":{"name":"(anonymous_13)","decl":{"start":{"line":297,"column":24},"end":{"line":297,"column":25}},"loc":{"start":{"line":297,"column":34},"end":{"line":309,"column":3}},"line":297},"14":{"name":"(anonymous_14)","decl":{"start":{"line":299,"column":41},"end":{"line":299,"column":46}},"loc":{"start":{"line":299,"column":46},"end":{"line":299,"column":62}},"line":299},"15":{"name":"(anonymous_15)","decl":{"start":{"line":300,"column":43},"end":{"line":300,"column":48}},"loc":{"start":{"line":300,"column":48},"end":{"line":300,"column":61}},"line":300},"16":{"name":"(anonymous_16)","decl":{"start":{"line":301,"column":54},"end":{"line":301,"column":60}},"loc":{"start":{"line":301,"column":60},"end":{"line":301,"column":83}},"line":301}},"branchMap":{"0":{"loc":{"start":{"line":27,"column":2},"end":{"line":29,"column":null}},"type":"if","locations":[{"start":{"line":27,"column":2},"end":{"line":29,"column":null}},{"start":{},"end":{}}],"line":27},"1":{"loc":{"start":{"line":27,"column":6},"end":{"line":27,"column":44}},"type":"binary-expr","locations":[{"start":{"line":27,"column":6},"end":{"line":27,"column":20}},{"start":{"line":27,"column":20},"end":{"line":27,"column":44}}],"line":27},"2":{"loc":{"start":{"line":52,"column":4},"end":{"lin
[...]
87:Infinity":79,"s:194:13:194:Infinity":80,"s:196:2:235:Infinity":81,"s:196:15:196:18":82,"s:197:14:197:Infinity":83,"s:198:18:198:Infinity":84,"b:200:4:203:Infinity:undefined:undefined:undefined:undefined":19,"s:200:4:203:Infinity":85,"b:200:8:200:26:200:26:200:35:200:35:200:48":20,"s:201:6:201:Infinity":86,"s:202:6:202:Infinity":87,"b:205:4:205:Infinity:undefined:undefined:undefined:undefined":21,"s:205:4:205:Infinity":88,"s:205:21:205:Infinity":89,"s:206:4:206:Infinity":90,"b:208:4:233:Infinity:230:4:233:Infinity":22,"s:208:4:233:Infinity":91,"s:209:6:209:Infinity":92,"s:211:6:220:Infinity":93,"b:212:8:219:Infinity:214:15:219:Infinity":23,"s:212:8:219:Infinity":94,"s:213:10:213:Infinity":95,"b:213:42:213:62:213:62:213:71":24,"s:215:28:215:Infinity":96,"b:216:10:218:Infinity:undefined:undefined:undefined:undefined":25,"s:216:10:218:Infinity":97,"s:217:12:217:Infinity":98,"b:217:59:217:79:217:79:217:88":26,"b:223:6:225:Infinity:undefined:undefined:undefined:undefined":27,"s:223:6:225:Infinity":99,"b:223:10:223:38:223:38:223:96":28,"f:223:59:223:64":7,"s:223:64:223:93":100,"s:224:8:224:Infinity":101,"s:229:6:229:Infinity":102,"b:230:4:233:Infinity:undefined:undefined:undefined:undefined":29,"s:230:4:233:Infinity":103,"s:231:6:231:Infinity":104,"s:232:6:232:Infinity":105,"b:237:2:237:Infinity:undefined:undefined:undefined:undefined":30,"s:237:2:237:Infinity":106,"s:237:19:237:Infinity":107,"s:239:30:239:Infinity":108,"s:240:33:240:Infinity":109,"f:240:45:240:51":8,"s:240:51:240:83":110,"s:242:2:257:Infinity":111,"b:247:10:247:21:247:21:247:Infinity":31,"b:249:28:249:51:249:51:249:55":32,"f:262:9:262:Infinity":9,"s:268:16:268:Infinity":112,"s:269:2:269:Infinity":113,"s:269:27:269:Infinity":114,"b:270:2:280:Infinity:undefined:undefined:undefined:undefined":33,"s:270:2:280:Infinity":115,"b:270:6:270:16:270:16:270:35":34,"s:271:4:271:Infinity":116,"s:272:4:279:Infinity":117,"s:273:6:273:Infinity":118,"s:274:6:278:Infinity":119,"s:275:21:275:Infinity":120,"b:275:21:275:36:275:36:275:Infinity":35,"s:276:23:276:Infinity":121,"b:276:55:276:63:276:63:276:Infinity":36,"s:277:8:277:Infinity":122,"b:281:2:281:Infinity:undefined:undefined:undefined:undefined":37,"s:281:2:281:Infinity":123,"s:281:22:281:Infinity":124,"s:282:2:282:Infinity":125,"f:292:16:292:38":10,"s:293:8:295:Infinity":126,"b:293:22:293:42:293:42:293:Infinity":38,"f:294:12:294:17":11,"s:294:17:294:35":127,"f:295:10:295:11":12,"s:295:20:295:47":128,"s:297:2:309:Infinity":129,"f:297:24:297:25":13,"s:298:20:298:Infinity":130,"b:298:20:298:33:298:33:298:Infinity":39,"s:299:25:299:Infinity":131,"f:299:41:299:46":14,"s:299:46:299:62":132,"s:300:21:300:Infinity":133,"f:300:43:300:48":15,"s:300:48:300:61":134,"s:301:21:301:Infinity":135,"b:301:32:301:87:301:87:301:Infinity":40,"f:301:54:301:60":16,"s:301:60:301:83":136,"s:302:4:308:Infinity":137,"b:304:12:304:34:304:34:304:Infinity":41,"b:305:12:305:22:305:22:305:Infinity":42,"b:307:20:307:29:307:29:307:Infinity":43}}}
,"/home/joaxap/repos/joaxclaw/src/lib/teamValidation.ts": {"path":"/home/joaxap/repos/joaxclaw/src/lib/teamValidation.ts","statementMap":{"0":{"start":{"line":22,"column":27},"end":{"line":22,"column":null}},"1":{"start":{"line":24,"column":2},"end":{"line":24,"column":null}},"2":{"start":{"line":24,"column":29},"end":{"line":24,"column":null}},"3":{"start":{"line":25,"column":2},"end":{"line":25,"column":null}},"4":{"start":{"line":25,"column":31},"end":{"line":25,"column":null}},"5":{"start":{"line":26,"column":2},"end":{"line":26,"column":null}},"6":{"start":{"line":26,"column":27},"end":{"line":26,"column":37}},"7":{"start":{"line":26,"column":40},"end":{"line":26,"column":null}},"8":{"start":{"line":29,"column":2},"end":{"line":41,"column":null}},"9":{"start":{"line":30,"column":21},"end":{"line":30,"column":null}},"10":{"start":{"line":30,"column":49},"end":{"line":30,"column":58}},"11":{"start":{"line":31,"column":4},"end":{"line":40,"column":null}},"12":{"start":{"line":32,"column":6},"end":{"line":33,"column":null}},"13":{"start":{"line":33,"column":8},"end":{"line":33,"column":null}},"14":{"start":{"line":34,"column":6},"end":{"line":35,"column":null}},"15":{"start":{"line":35,"column":8},"end":{"line":35,"column":null}},"16":{"start":{"line":36,"column":6},"end":{"line":39,"column":null}},"17":{"start":{"line":37,"column":8},"end":{"line":38,"column":null}},"18":{"start":{"line":38,"column":10},"end":{"line":38,"column":null}},"19":{"start":{"line":43,"column":2},"end":{"line":46,"column":null}},"20":{"start":{"line":44,"column":4},"end":{"line":44,"column":null}},"21":{"start":{"line":45,"column":4},"end":{"line":45,"column":null}},"22":{"start":{"line":48,"column":2},"end":{"line":51,"column":null}},"23":{"start":{"line":49,"column":4},"end":{"line":49,"column":null}},"24":{"start":{"line":50,"column":4},"end":{"line":50,"column":null}},"25":{"start":{"line":53,"column":27},"end":{"line":53,"column":null}},"26":{"start":{"line":54,"column":2},"end":{"line":54,"column":null}},"27":{"start":{"line":54,"column":23},"end":{"line":54,"column":41}},"28":{"start":{"line":54,"column":44},"end":{"line":54,"column":null}},"29":{"start":{"line":55,"column":2},"end":{"line":55,"column":null}},"30":{"start":{"line":55,"column":23},"end":{"line":55,"column":39}},"31":{"start":{"line":55,"column":42},"end":{"line":55,"column":null}},"32":{"start":{"line":56,"column":2},"end":{"line":56,"column":null}},"33":{"start":{"line":56,"column":23},"end":{"line":56,"column":41}},"34":{"start":{"line":56,"column":44},"end":{"line":56,"column":null}},"35":{"start":{"line":67,"column":14},"end":{"line":67,"column":null}},"36":{"start":{"line":68,"column":2},"end":{"line":71,"column":null}},"37":{"start":{"line":69,"column":4},"end":{"line":69,"column":null}},"38":{"start":{"line":69,"column":26},"end":{"line":69,"column":null}},"39":{"start":{"line":70,"column":4},"end":{"line":70,"column":null}},"40":{"start":{"line":72,"column":20},"end":{"line":72,"column":null}},"41":{"start":{"line":73,"column":19},"end":{"line":73,"column":null}},"42":{"start":{"line":74,"column":2},"end":{"line":79,"column":null}},"43":{"start":{"line":75,"column":16},"end":{"line":75,"column":null}},"44":{"start":{"line":76,"column":4},"end":{"line":76,"column":null}},"45":{"start":{"line":76,"column":28},"end":{"line":76,"column":null}},"46":{"start":{"line":77,"column":4},"end":{"line":77,"column":null}},"47":{"start":{"line":78,"column":4},"end":{"line":78,"column":null}},"48":{"start":{"line":78,"column":43},"end":{"line":78,"column":null}},"49":{"start":{"line":81,"column":2},"end":{"line":82,"column":null}},"50":{"start":{"line":82,"column":4},"end":{"line":82,"column":null}},"51":{"start":{"line":84,"column":22},"end":{"line":84,"column":null}},"52":{"start":{"line":85,"column":2},"end":{"line":89,"column":null}},"53":{"start":{"line":86,"column":29},"end":{"line":86,"column":null}},"54":{"start":{"line":86,"column":47},"end":{"line":86,"column":67}},"55":{"start":{"line":87,"column":4},"end":{"line":88,"column":null}},"56":{"start":{"line":88,"column":6},"end":{"line":88,"column":null}},"57":{"start":{"line":88,"column":79},"end":{"line":88,"column":83}},"58":{"start":{"line":91,"column":22},"end":{"line":91,"column":null}},"59":{"start":{"line":91,"column":45},"end":{"line":91,"column":51}},"60":{"start":{"line":92,"column":28},"end":{"line":94,"column":null}},"61":{"start":{"line":93,"column":9},"end":{"line":93,"column":null}},"62":{"start":{"line":95,"column":2},"end":{"line":96,"column":null}},"63":{"start":{"line":96,"column":4},"end":{"line":96,"column":null}},"64":{"start":{"line":96,"column":75},"end":{"line":96,"column":79}},"65":{"start":{"line":100,"column":2},"end":{"line":108,"column":null}},"66":{"start":{"line":101,"column":4},"end":{"line":107,"column":null}},"67":{"start":{"line":102,"column":12},"end":{"line":102,"column":null}},"68":{"start":{"line":103,"column":12},"end":{"line":103,"column":null}},"69":{"start":{"line":104,"column":6},"end":{"line":104,"column":null}},"70":{"start":{"line":104,"column":19},"end":{"line":104,"column":null}},"71":{"start":{"line":106,"column":6},"end":{"line":106,"column":null}},"72":{"start":{"line":110,"column":2},"end":{"line":110,"column":null}}},"fnMap":{"0":{"name":"validateTeamForLaunch","decl":{"start":{"line":18,"column":16},"end":{"line":18,"column":null}},"loc":{"start":{"line":21,"column":24},"end":{"line":111,"column":null}},"line":21},"1":{"name":"(anonymous_1)","decl":{"start":{"line":26,"column":22},"end":{"line":26,"column":27}},"loc":{"start":{"line":26,"column":27},"end":{"line":26,"column":37}},"line":26},"2":{"name":"(anonymous_2)","decl":{"start":{"line":30,"column":44},"end":{"line":30,"column":49}},"loc":{"start":{"line":30,"column":49},"end":{"line":30,"column":58}},"line":30},"3":{"name":"(anonymous_3)","decl":{"start":{"line":54,"column":18},"end":{"line":54,"column":23}},"loc":{"start":{"line":54,"column":23},"end":{"line":54,"column":41}},"line":54},"4":{"name":"(anonymous_4)","decl":{"start":{"line":55,"column":18},"end":{"line":55,"column":23}},"loc":{"start":{"line":55,"column":23},"end":{"line":55,"column":39}},"line":55},"5":{"name":"(anonymous_5)","decl":{"start":{"line":56,"column":18},"end":{"line":56,"column":23}},"loc":{"start":{"line":56,"column":23},"end":{"line":56,"column":41}},"line":56},"6":{"name":"(anonymous_6)","decl":{"start":{"line":86,"column":42},"end":{"line":86,"column":47}},"loc":{"start":{"line":86,"column":47},"end":{"line":86,"column":67}},"line":86},"7":{"name":"(anonymous_7)","decl":{"start":{"line":88,"column":74},"end":{"line":88,"column":79}},"loc":{"start":{"line":88,"column":79},"end":{"line":88,"column":83}},"line":88},"8":{"name":"(anonymous_8)","decl":{"start":{"line":91,"column":40},"end":{"line":91,"column":45}},"loc":{"start":{"line":91,"column":45},"end":{"line":91,"column":51}},"line":91},"9":{"name":"(anonymous_9)","decl":{"start":{"line":93,"column":4},"end":{"line":93,"column":9}},"loc":{"start":{"line":93,"column":9},"end":{"line":93,"column":null}},"line":93},"10":{"name":"(anonymous_10)","decl":{"start":{"line":96,"column":70},"end":{"line":96,"column":75}},"loc":{"start":{"line":96,"column":75},"end":{"line":96,"column":79}},"line":96}},"branchMap":{"0":{"loc":{"start":{"line":24,"column":2},"end":{"line":24,"column":null}},"type":"if","locations":[{"start":{"line":24,"column":2},"end":{"line":24,"column":null}},{"start":{},"end":{}}],"line":24},"1":{"loc":{"start":{"line":25,"column":2},"end":{"line":25,"column":null}},"type":"if","locations":[{"start":{"line":25,"column":2},"end":{"line":25,"column":null}},{"start":{},"end":{}}],"line":25},"2":{"loc":{"start":{"line":26,"column":2},"end":{"line":26,"column":null}},"type":"if","locations":[{"start":{"line":26,"column":2},"end":{"line":26,"column":null}},{"start":{},"end":{}}],"line":26},"3":{"loc":{"start":{"line":29,"column":2},"end":{"line":41,"column":null}},"type":"if","locations":[{"start":{"line":29,"column":2},"end":{"line":41,"column":null}},{"start":{},"end":{}}],"line":29},"4":{"loc":{"start":{"line":29,"column":6},"end":{"line":29,"column":41}},"type":"binary-expr","locations":[{"start":{"line":29,"column":6},"end":{"line":29,"column":19}},{"start":{"line":29,"column":19},"end":{"line":29,"column":41}}],"line":29},"5":{"loc":{"start":{"line":32,"column":6},"end":{"line":33,"column":null}},"type":"if","locations":[{"start":{"line":32,"column":6},"end":{"line":33,"column":null}},{"start":{},"end":{}}],"line":32},"6":{"loc":{"start":{"line":34,"column":6},"end":{"line":35,"column":null}},"type":"if","locations":[{"start":{"line":34,"column":6},"end":{"line":35,"column":null}},{"start":{},"end":{}}],"line":34},"7":{"loc":{"start":{"line":37,"column":8},"end":{"line":38,"column":null}},"type":"if","locations":[{"start":{"line":37,"column":8},"end":{"line":38,"column":null}},{"start":{},"end":{}}],"line":37},"8":{"loc":{"start":{"line":37,"column":12},"end":{"line":37,"column":null}},"type":"binary-expr","locations":[{"start":{"line":37,"column":12},"end":{"line":37,"column":50}},{"start":{"line":37,"column":50},"end":{"line":37,"column":null}}],"line":37},"9":{"loc":{"start":{"line":43,"column":2},"end":{"line":46,"column":null}},"type":"if","locations":[{"start":{"line":43,"column":2},"end":{"line":46,"column":null}},{"start":{},"end":{}}],"line":43},"10":{"loc":{"start":{"line":48,"column":2},"end":{"line":51,"column":null}},"type":"if","locations":[{"start":{"line":48,"column":2},"end":{"line":51,"column":null}},{"start":{},"end":{}}],"line":48},"11":{"loc":{"start":{"line":54,"column":2},"end":{"line":54,"column":null}},"type":"if","locations":[{"start":{"line":54,"column":2},"end":{"line":54,"column":null}},{"start":{},"end":{}}],"line":54},"12":{"loc":{"start":{"line":55,"column":2},"end":{"line":55,"column":null}},"type":"if","locations":[{"start":{"line":55,"column":2},"end":{"line":55,"column":null}},{"start":{},"end":{}}],"line":55},"13":{"loc":{"start":{"line":56,"column":2},"end":{"line":56,"column":null}},"type":"if","locations":[{"start":{"line":56,"column":2},"end":{"line":56,"column":null}},{"start":{},"end":{}}],"line":56},"14":{"loc":{"start":{"line":69,"column":4},"end":{"line":69,"column":null}},"type":"if","locations":[{"start":{"line":69,"column":4},"end":{"line":69,"column":null}},{"start":{},"end":{}}],"line":69},"15":{"loc":{"start":{"line":76,"column":4},"end":{"line":76,"column":null}},"type":"if","locations":[{"start":{"line":76,"column":4},"end":{"line":76,"column":null}},{"start":{},"end":{}}],"line":76},"16":{"loc":{"start":{"line":78,"column":23},"end":{"line":78,"column":43}},"type":"binary-expr","locations":[{"start":{"line":78,"column":23},"end":{"line":78,"column":39}},{"start":{"line":78,"column":39},"end":{"line":78,"column":43}}],"line":78},"17":{"loc":{"start":{"line":81,"column":2},"end":{"line":82,"column":null}},"type":"if","locations":[{"start":{"line":81,"column":2},"end":{"line":82,"column":null}},{"start":{},"end":{}}],"line":81},"18":{"loc":{"start":{"line":84,"column":25},"end":{"line":84,"column":null}},"type":"binary-expr","locations":[{"start":{"line":84,"column":25},"end":{"line":84,"column":38}},{"start":{"line":84,"column":38},"end":{"line":84,"column":null}}],"line":84},"19":{"loc":{"start":{"line":85,"column":2},"end":{"line":89,"column":null}},"type":"if","locations":[{"start":{"line":85,"column":2},"end":{"line":89,"column":null}},{"start":{},"end":{}}],"line":85},"20":{"loc":{"start":{"line":87,"column":4},"end":{"line":88,"column":null}},"type":"if","locations":[{"start":{"line":87,"column":4},"end":{"line":88,"column":null}},{"start":{},"end":{}}],"line":87},"21":{"loc":{"start":{"line":93,"column":9},"end":{"line":93,"column":null}},"type":"binary-expr","locations":[{"start":{"line":93,"column":9},"end":{"line":93,"column":29}},{"start":{"line":93,"column":29},"end":{"line":93,"column":52}},{"start":{"line":93,"column":52},"end":{"line":93,"column":null}}],"line":93},"22":{"loc":{"start":{"line":95,"column":2},"end":{"line":96,"column":null}},"type":"if","locations":[{"start":{"line":95,"column":2},"end":{"line":96,"column":null}},{"start":{},"end":{}}],"line":95},"23":{"loc":{"start":{"line":100,"column":2},"end":{"line":108,"column":null}},"type":"if","locations":[{"start":{"line":100,"column":2},"end":{"line":108,"column":null}},{"start":{},"end":{}}],"line":100},"24":{"loc":{"start":{"line":104,"column":6},"end":{"line":104,"column":null}},"type":"if","locations":[{"start":{"line":104,"column":6},"end":{"line":104,"column":null}},{"start":{},"end":{}}],"line":104}},"s":{"0":19,"1":19,"2":1,"3":19,"4":1,"5":19,"6":49,"7":1,"8":19,"9":6,"10":17,"11":6,"12":6,"13":1,"14":6,"15":1,"16":6,"17":6,"18":1,"19":19,"20":3,"21":3,"22":16,"23":1,"24":1,"25":15,"26":15,"27":21,"28":1,"29":15,"30":106,"31":1,"32":15,"33":32,"34":1,"35":15,"36":15,"37":93,"38":92,"39":93,"40":15,"41":15,"42":15,"43":85,"44":85,"45":1,"46":84,"47":84,"48":70,"49":15,"50":15,"51":15,"52":19,"53":9,"54":62,"55":9,"56":2,"57":14,"58":15,"59":93,"60":15,"61":106,"62":15,"63":4,"64":4,"65":15,"66":6,"67":6,"68":6,"69":6,"70":0,"71":0,"72":15},"f":{"0":19,"1":49,"2":17,"3":21,"4":106,"5":32,"6":62,"7":14,"8":93,"9":106,"10":4},"b":{"0":[1,18],"1":[1,18],"2":[1,18],"3":[6,13],"4":[19,6],"5":[1,5],"6":[1,5],"7":[1,5],"8":[6,4],"9":[3,16],"10":[1,15],"11":[1,14],"12":[1,14],"13":[1,14],"14":[92,1],"15":[1,84],"16":[84,15],"17":[4,11],"18":[15,6],"19":[9,10],"20":[2,7],"21":[106,92,69],"22":[4,11],"23":[6,9],"24":[0,6]},"meta":{"lastBranch":25,"lastFunction":11,"lastStatement":73,"seen":{"f:18:16:18:Infinity":0,"s:22:27:22:Infinity":0,"b:24:2:24:Infinity:undefined:undefined:undefined:undefined":0,"s:24:2:24:Infinity":1,"s:24:29:24:Infinity":2,"b:25:2:25:Infinity:undefined:undefined:undefined:undefined":1,"s:25:2:25:Infinity":3,"s:25:31:25:Infinity":4,"b:26:2:26:Infinity:undefined:undefined:undefined:undefined":2,"s:26:2:26:Infinity":5,"f:26:22:26:27":1,"s:26:27:26:37":6,"s:26:40:26:Infinity":7,"b:29:2:41:Infinity:undefined:undefined:undefined:undefined":3,"s:29:2:41:Infinity":8,"b:29:6:29:19:29:19:29:41":4,"s:30:21:30:Infinity":9,"f:30:44:30:49":2,"s:30:49:30:58":10,"s:31:4:40:Infinity":11,"b:32:6:33:Infinity:undefined:undefined:undefined:undefined":5,"s:32:6:33:Infinity":12,"s:33:8:33:Infinity":13,"b:34:6:35:Infinity:undefined:undefined:undefined:undefined":6,"s:34:6:35:Infinity":14,"s:35:8:35:Infinity":15,"s:36:6:39:Infinity":16,"b:37:8:38:Infinity:undefined:undefined:undefined:undefined":7,"s:37:8:38:Infinity":17,"b:37:12:37:50:37:50:37:Infinity":8,"s:38:10:38:Infinity":18,"b:43:2:46:Infinity:undefined:undefined:undefined:undefined":9,"s:43:2:46:Infinity":19,"s:44:4:44:Infinity":20,"s:45:4:45:Infinity":21,"b:48:2:51:Infinity:undefined:undefined:undefined:undefined":10,"s:48:2:51:Infinity":22,"s:49:4:49:Infinity":23,"s:50:4:50:Infinity":24,"s:53:27:53:Infinity":25,"b:54:2:54:Infinity:undefined:undefined:undefined:undefined":11,"s:54:2:54:Infinity":26,"f:54:18:54:23":3,"s:54:23:54:41":27,"s:54:44:54:Infinity":28,"b:55:2:55:Infinity:undefined:undefined:undefined:undefined":12,"s:55:2:55:Infinity":29,"f:55:18:55:23":4,"s:55:23:55:39":30,"s:55:42:55:Infinity":31,"b:56:2:56:Infinity:undefined:undefined:undefined:undefined":13,"s:56:2:56:Infinity":32,"f:56:18:56:23":5,"s:56:23:56:41":33,"s:56:44:56:Infinity":34,"s:67:14:67:Infinity":35,"s:68:2:71:Infinity":36,"b:69:4:69:Infinity:undefined:undefined:undefined:undefined":14,"s:69:4:69:Infinity":37,"s:69:26:69:Infinity":38,"s:70:4:70:Infinity":39,"s:72:20:72:Infinity":40,"s:73:19:73:Infinity":41,"s:74:2:79:Infinity":42,"s:75:16:75:Infinity":43,"b:76:4:76:Infinity:undefined:undefined:undefined:undefined":15,"s:76:4:76:Infinity":44,"s:76:28:76:Infinity":45,"s:77:4:77:Infinity":46,"s:78:4:78:Infinity":47,"b:78:23:78:39:78:39:78:43":16,"s:78:43:78:Infinity":48,"b:81:2:82:Infinity:undefined:undefined:undefined:undefined":17,"s:81:2:82:Infinity":49,"s:82:4:82:Infinity":50,"s:84:22:84:Infinity":51,"b:84:25:84:38:84:38:84:Infinity":18,"b:85:2:89:Infinity:undefined:undefined:undefined:undefined":19,"s:85:2:89:Infinity":52,"s:86:29:86:Infinity":53,"f:86:42:86:47":6,"s:86:47:86:67":54,"b:87:4:88:Infinity:undefined:undefined:undefined:undefined":20,"s:87:4:88:Infinity":55,"s:88:6:88:Infinity":56,"f:88:74:88:79":7,"s:88:79:88:83":57,"s:91:22:91:Infinity":58,"f:91:40:91:45":8,"s:91:45:91:51":59,"s:92:28:94:Infinity":60,"f:93:4:93:9":9,"s:93:9:93:Infinity":61,"b:93:9:93:29:93:29:93:52:93:52:93:Infinity":21,"b:95:2:96:Infinity:undefined:undefined:undefined:undefined":22,"s:95:2:96:Infinity":62,"s:96:4:96:Infinity":63,"f:96:70:96:75":10,"s:96:75:96:79":64,"b:100:2:108:Infinity:undefined:undefined:undefined:undefined":23,"s:100:2:108:Infinity":65,"s:101:4:107:Infinity":66,"s:102:12:102:Infinity":67,"s:103:12:103:Infinity":68,"b:104:6:104:Infinity:undefined:undefined:undefined:undefined":24,"s:104:6:104:Infinity":69,"s:104:19:104:Infinity":70,"s:106:6:106:Infinity":71,"s:110:2:110:Infinity":72}}}
}
